[ 2020-05-09T14:59:31+08:00 ] ::1 /
INFO: [ app_init ] --START--
INFO: Run Behavior\BuildLiteBehavior [ RunTime:0.000282s ]
INFO: [ app_init ] --END-- [ RunTime:0.000430s ]
INFO: [ app_begin ] --START--
INFO: Run Behavior\ReadHtmlCacheBehavior [ RunTime:0.001091s ]
INFO: [ app_begin ] --END-- [ RunTime:0.001140s ]
INFO: [ view_parse ] --START--
INFO: [ template_filter ] --START--
INFO: Run Behavior\ContentReplaceBehavior [ RunTime:0.000247s ]
INFO: [ template_filter ] --END-- [ RunTime:0.000291s ]
INFO: Run Behavior\ParseTemplateBehavior [ RunTime:0.019941s ]
INFO: [ view_parse ] --END-- [ RunTime:0.019984s ]
INFO: [ view_filter ] --START--
INFO: Run Behavior\WriteHtmlCacheBehavior [ RunTime:0.000305s ]
INFO: [ view_filter ] --END-- [ RunTime:0.000332s ]
INFO: [ app_end ] --START--
INFO: Run Behavior\ShowPageTraceBehavior [ RunTime:0.000852s ]
INFO: [ app_end ] --END-- [ RunTime:0.001023s ]

[ 2020-05-09T15:00:59+08:00 ] ::1 /
INFO: [ app_init ] --START--
INFO: Run Behavior\BuildLiteBehavior [ RunTime:0.000021s ]
INFO: [ app_init ] --END-- [ RunTime:0.000724s ]
INFO: [ app_begin ] --START--
INFO: Run Behavior\ReadHtmlCacheBehavior [ RunTime:0.000898s ]
INFO: [ app_begin ] --END-- [ RunTime:0.000934s ]
INFO: [ view_parse ] --START--
INFO: Run Behavior\ParseTemplateBehavior [ RunTime:0.000540s ]
INFO: [ view_parse ] --END-- [ RunTime:0.000602s ]
INFO: [ view_filter ] --START--
INFO: Run Behavior\WriteHtmlCacheBehavior [ RunTime:0.000623s ]
INFO: [ view_filter ] --END-- [ RunTime:0.000657s ]
INFO: [ app_end ] --START--
INFO: Run Behavior\ShowPageTraceBehavior [ RunTime:0.001645s ]
INFO: [ app_end ] --END-- [ RunTime:0.001736s ]

[ 2020-05-09T15:01:31+08:00 ] ::1 /index.php/home/job
INFO: [ app_init ] --START--
INFO: Run Behavior\BuildLiteBehavior [ RunTime:0.000013s ]
INFO: [ app_init ] --END-- [ RunTime:0.000330s ]
INFO: [ app_begin ] --START--
INFO: Run Behavior\ReadHtmlCacheBehavior [ RunTime:0.000796s ]
INFO: [ app_begin ] --END-- [ RunTime:0.000854s ]
INFO: [ app_end ] --START--
INFO: Run Behavior\ShowPageTraceBehavior [ RunTime:0.001034s ]
INFO: [ app_end ] --END-- [ RunTime:0.001070s ]

[ 2020-05-09T15:02:18+08:00 ] ::1 /index.php/home/job
INFO: [ app_init ] --START--
INFO: Run Behavior\BuildLiteBehavior [ RunTime:0.000031s ]
INFO: [ app_init ] --END-- [ RunTime:0.006165s ]
INFO: [ app_begin ] --START--
INFO: Run Behavior\ReadHtmlCacheBehavior [ RunTime:0.001458s ]
INFO: [ app_begin ] --END-- [ RunTime:0.001870s ]
INFO: [ app_end ] --START--
INFO: Run Behavior\ShowPageTraceBehavior [ RunTime:0.001896s ]
INFO: [ app_end ] --END-- [ RunTime:0.001944s ]

[ 2020-05-09T15:07:42+08:00 ] ::1 /index.php/home
INFO: [ app_init ] --START--
INFO: Run Behavior\BuildLiteBehavior [ RunTime:0.000028s ]
INFO: [ app_init ] --END-- [ RunTime:0.001185s ]
INFO: [ app_begin ] --START--
INFO: Run Behavior\ReadHtmlCacheBehavior [ RunTime:0.001533s ]
INFO: [ app_begin ] --END-- [ RunTime:0.001583s ]
INFO: [ view_parse ] --START--
INFO: Run Behavior\ParseTemplateBehavior [ RunTime:0.001181s ]
INFO: [ view_parse ] --END-- [ RunTime:0.001243s ]
INFO: [ view_filter ] --START--
INFO: Run Behavior\WriteHtmlCacheBehavior [ RunTime:0.000835s ]
INFO: [ view_filter ] --END-- [ RunTime:0.000878s ]
INFO: [ app_end ] --START--
INFO: Run Behavior\ShowPageTraceBehavior [ RunTime:0.000972s ]
INFO: [ app_end ] --END-- [ RunTime:0.001008s ]

[ 2020-05-09T15:07:45+08:00 ] ::1 /index.php/home/job
INFO: [ app_init ] --START--
INFO: Run Behavior\BuildLiteBehavior [ RunTime:0.000013s ]
INFO: [ app_init ] --END-- [ RunTime:0.000736s ]
INFO: [ app_begin ] --START--
INFO: Run Behavior\ReadHtmlCacheBehavior [ RunTime:0.000410s ]
INFO: [ app_begin ] --END-- [ RunTime:0.000437s ]
INFO: [ app_end ] --START--
INFO: Run Behavior\ShowPageTraceBehavior [ RunTime:0.000988s ]
INFO: [ app_end ] --END-- [ RunTime:0.001042s ]

[ 2020-05-09T15:13:35+08:00 ] ::1 /index.php/home/job
INFO: [ app_init ] --START--
INFO: Run Behavior\BuildLiteBehavior [ RunTime:0.000015s ]
INFO: [ app_init ] --END-- [ RunTime:0.007518s ]
INFO: [ app_begin ] --START--
INFO: Run Behavior\ReadHtmlCacheBehavior [ RunTime:0.005479s ]
INFO: [ app_begin ] --END-- [ RunTime:0.006247s ]
INFO: [ app_end ] --START--
INFO: Run Behavior\ShowPageTraceBehavior [ RunTime:0.001823s ]
INFO: [ app_end ] --END-- [ RunTime:0.001873s ]

[ 2020-05-09T15:13:40+08:00 ] ::1 /home/job
INFO: [ app_init ] --START--
INFO: Run Behavior\BuildLiteBehavior [ RunTime:0.000890s ]
INFO: [ app_init ] --END-- [ RunTime:0.002771s ]
INFO: [ app_begin ] --START--
INFO: Run Behavior\ReadHtmlCacheBehavior [ RunTime:0.001017s ]
INFO: [ app_begin ] --END-- [ RunTime:0.001053s ]
INFO: [ app_end ] --START--
INFO: Run Behavior\ShowPageTraceBehavior [ RunTime:0.000710s ]
INFO: [ app_end ] --END-- [ RunTime:0.000740s ]

[ 2020-05-09T15:23:28+08:00 ] ::1 /home/job
INFO: [ app_init ] --START--
INFO: Run Behavior\BuildLiteBehavior [ RunTime:0.000017s ]
INFO: [ app_init ] --END-- [ RunTime:0.000973s ]
INFO: [ app_begin ] --START--
INFO: Run Behavior\ReadHtmlCacheBehavior [ RunTime:0.001186s ]
INFO: [ app_begin ] --END-- [ RunTime:0.001252s ]
ERR: SQLSTATE[HY000] [1044] Access denied for user 'bblftest_db'@'%' to database 't_didi'

[ 2020-05-09T15:24:31+08:00 ] ::1 /home/job
INFO: [ app_init ] --START--
INFO: Run Behavior\BuildLiteBehavior [ RunTime:0.000275s ]
INFO: [ app_init ] --END-- [ RunTime:0.007225s ]
INFO: [ app_begin ] --START--
INFO: Run Behavior\ReadHtmlCacheBehavior [ RunTime:0.001628s ]
INFO: [ app_begin ] --END-- [ RunTime:0.001693s ]
ERR: SQLSTATE[HY000] [1044] Access denied for user 'bblftest_db'@'%' to database 't_didi'

[ 2020-05-09T15:24:32+08:00 ] ::1 /home/job
INFO: [ app_init ] --START--
INFO: Run Behavior\BuildLiteBehavior [ RunTime:0.000014s ]
INFO: [ app_init ] --END-- [ RunTime:0.000403s ]
INFO: [ app_begin ] --START--
INFO: Run Behavior\ReadHtmlCacheBehavior [ RunTime:0.001696s ]
INFO: [ app_begin ] --END-- [ RunTime:0.001747s ]
ERR: SQLSTATE[HY000] [1044] Access denied for user 'bblftest_db'@'%' to database 't_didi'

[ 2020-05-09T15:24:32+08:00 ] ::1 /home/job
INFO: [ app_init ] --START--
INFO: Run Behavior\BuildLiteBehavior [ RunTime:0.000018s ]
INFO: [ app_init ] --END-- [ RunTime:0.001912s ]
INFO: [ app_begin ] --START--
INFO: Run Behavior\ReadHtmlCacheBehavior [ RunTime:0.004470s ]
INFO: [ app_begin ] --END-- [ RunTime:0.004534s ]
ERR: SQLSTATE[HY000] [1044] Access denied for user 'bblftest_db'@'%' to database 't_didi'

[ 2020-05-09T15:24:33+08:00 ] ::1 /home/job
INFO: [ app_init ] --START--
INFO: Run Behavior\BuildLiteBehavior [ RunTime:0.000016s ]
INFO: [ app_init ] --END-- [ RunTime:0.000725s ]
INFO: [ app_begin ] --START--
INFO: Run Behavior\ReadHtmlCacheBehavior [ RunTime:0.001067s ]
INFO: [ app_begin ] --END-- [ RunTime:0.001116s ]
ERR: SQLSTATE[HY000] [1044] Access denied for user 'bblftest_db'@'%' to database 't_didi'

[ 2020-05-09T15:24:44+08:00 ] ::1 /home/job
INFO: [ app_init ] --START--
INFO: Run Behavior\BuildLiteBehavior [ RunTime:0.000027s ]
INFO: [ app_init ] --END-- [ RunTime:0.000833s ]
INFO: [ app_begin ] --START--
INFO: Run Behavior\ReadHtmlCacheBehavior [ RunTime:0.000525s ]
INFO: [ app_begin ] --END-- [ RunTime:0.000562s ]
ERR: SQLSTATE[HY000] [1045] Access denied for user 'root'@'61.148.221.114' (using password: YES)

[ 2020-05-09T15:25:14+08:00 ] ::1 /home/job
INFO: [ app_init ] --START--
INFO: Run Behavior\BuildLiteBehavior [ RunTime:0.000028s ]
INFO: [ app_init ] --END-- [ RunTime:0.007042s ]
INFO: [ app_begin ] --START--
INFO: Run Behavior\ReadHtmlCacheBehavior [ RunTime:0.001421s ]
INFO: [ app_begin ] --END-- [ RunTime:0.001482s ]
ERR: SQLSTATE[HY000] [1045] Access denied for user 't_jiaozhongy_com'@'61.148.221.114' (using password: YES)

[ 2020-05-09T15:25:48+08:00 ] ::1 /home/job
INFO: [ app_init ] --START--
INFO: Run Behavior\BuildLiteBehavior [ RunTime:0.000009s ]
INFO: [ app_init ] --END-- [ RunTime:0.000307s ]
INFO: [ app_begin ] --START--
INFO: Run Behavior\ReadHtmlCacheBehavior [ RunTime:0.000392s ]
INFO: [ app_begin ] --END-- [ RunTime:0.000416s ]
ERR: SQLSTATE[HY000] [1044] Access denied for user 't_jiaozhongy_com'@'%' to database 't_didi'

[ 2020-05-09T15:26:01+08:00 ] ::1 /home/job
INFO: [ app_init ] --START--
INFO: Run Behavior\BuildLiteBehavior [ RunTime:0.000037s ]
INFO: [ app_init ] --END-- [ RunTime:0.000525s ]
INFO: [ app_begin ] --START--
INFO: Run Behavior\ReadHtmlCacheBehavior [ RunTime:0.000597s ]
INFO: [ app_begin ] --END-- [ RunTime:0.000644s ]
ERR: SQLSTATE[HY000] [1044] Access denied for user 't_jiaozhongy_com'@'%' to database 't_didi'

[ 2020-05-09T15:26:08+08:00 ] ::1 /home/job
INFO: [ app_init ] --START--
INFO: Run Behavior\BuildLiteBehavior [ RunTime:0.000014s ]
INFO: [ app_init ] --END-- [ RunTime:0.000365s ]
INFO: [ app_begin ] --START--
INFO: Run Behavior\ReadHtmlCacheBehavior [ RunTime:0.000664s ]
INFO: [ app_begin ] --END-- [ RunTime:0.000695s ]
ERR: SQLSTATE[HY000] [1044] Access denied for user 't_jiaozhongy_com'@'%' to database 't_didi'

[ 2020-05-09T15:26:09+08:00 ] ::1 /home/job
INFO: [ app_init ] --START--
INFO: Run Behavior\BuildLiteBehavior [ RunTime:0.000024s ]
INFO: [ app_init ] --END-- [ RunTime:0.000622s ]
INFO: [ app_begin ] --START--
INFO: Run Behavior\ReadHtmlCacheBehavior [ RunTime:0.000777s ]
INFO: [ app_begin ] --END-- [ RunTime:0.000837s ]
ERR: SQLSTATE[HY000] [1044] Access denied for user 't_jiaozhongy_com'@'%' to database 't_didi'

[ 2020-05-09T15:26:09+08:00 ] ::1 /home/job
INFO: [ app_init ] --START--
INFO: Run Behavior\BuildLiteBehavior [ RunTime:0.000013s ]
INFO: [ app_init ] --END-- [ RunTime:0.000387s ]
INFO: [ app_begin ] --START--
INFO: Run Behavior\ReadHtmlCacheBehavior [ RunTime:0.000507s ]
INFO: [ app_begin ] --END-- [ RunTime:0.000550s ]
ERR: SQLSTATE[HY000] [1044] Access denied for user 't_jiaozhongy_com'@'%' to database 't_didi'

[ 2020-05-09T15:27:37+08:00 ] ::1 /home/job
INFO: [ app_init ] --START--
INFO: Run Behavior\BuildLiteBehavior [ RunTime:0.000013s ]
INFO: [ app_init ] --END-- [ RunTime:0.001448s ]
INFO: [ app_begin ] --START--
INFO: Run Behavior\ReadHtmlCacheBehavior [ RunTime:0.005981s ]
INFO: [ app_begin ] --END-- [ RunTime:0.006040s ]
ERR: SQLSTATE[HY000] [1045] Access denied for user 'root'@'61.148.221.114' (using password: YES)

[ 2020-05-09T15:27:38+08:00 ] ::1 /home/job
INFO: [ app_init ] --START--
INFO: Run Behavior\BuildLiteBehavior [ RunTime:0.000011s ]
INFO: [ app_init ] --END-- [ RunTime:0.000479s ]
INFO: [ app_begin ] --START--
INFO: Run Behavior\ReadHtmlCacheBehavior [ RunTime:0.000563s ]
INFO: [ app_begin ] --END-- [ RunTime:0.003482s ]
ERR: SQLSTATE[HY000] [1045] Access denied for user 'root'@'61.148.221.114' (using password: YES)

[ 2020-05-09T15:28:29+08:00 ] ::1 /home/job
INFO: [ app_init ] --START--
INFO: Run Behavior\BuildLiteBehavior [ RunTime:0.000015s ]
INFO: [ app_init ] --END-- [ RunTime:0.000600s ]
INFO: [ app_begin ] --START--
INFO: Run Behavior\ReadHtmlCacheBehavior [ RunTime:0.000857s ]
INFO: [ app_begin ] --END-- [ RunTime:0.000908s ]
ERR: SQLSTATE[HY000] [1045] Access denied for user 't_didi'@'61.148.221.114' (using password: YES)

[ 2020-05-09T15:28:30+08:00 ] ::1 /home/job
INFO: [ app_init ] --START--
INFO: Run Behavior\BuildLiteBehavior [ RunTime:0.000018s ]
INFO: [ app_init ] --END-- [ RunTime:0.000531s ]
INFO: [ app_begin ] --START--
INFO: Run Behavior\ReadHtmlCacheBehavior [ RunTime:0.001450s ]
INFO: [ app_begin ] --END-- [ RunTime:0.001504s ]
ERR: SQLSTATE[HY000] [1045] Access denied for user 't_didi'@'61.148.221.114' (using password: YES)

[ 2020-05-09T15:28:31+08:00 ] ::1 /home/job
INFO: [ app_init ] --START--
INFO: Run Behavior\BuildLiteBehavior [ RunTime:0.000012s ]
INFO: [ app_init ] --END-- [ RunTime:0.000377s ]
INFO: [ app_begin ] --START--
INFO: Run Behavior\ReadHtmlCacheBehavior [ RunTime:0.000400s ]
INFO: [ app_begin ] --END-- [ RunTime:0.000436s ]
ERR: SQLSTATE[HY000] [1045] Access denied for user 't_didi'@'61.148.221.114' (using password: YES)

[ 2020-05-09T15:28:31+08:00 ] ::1 /home/job
INFO: [ app_init ] --START--
INFO: Run Behavior\BuildLiteBehavior [ RunTime:0.000010s ]
INFO: [ app_init ] --END-- [ RunTime:0.000338s ]
INFO: [ app_begin ] --START--
INFO: Run Behavior\ReadHtmlCacheBehavior [ RunTime:0.000761s ]
INFO: [ app_begin ] --END-- [ RunTime:0.000790s ]
ERR: SQLSTATE[HY000] [1045] Access denied for user 't_didi'@'61.148.221.114' (using password: YES)

[ 2020-05-09T15:28:32+08:00 ] ::1 /home/job
INFO: [ app_init ] --START--
INFO: Run Behavior\BuildLiteBehavior [ RunTime:0.000011s ]
INFO: [ app_init ] --END-- [ RunTime:0.000371s ]
INFO: [ app_begin ] --START--
INFO: Run Behavior\ReadHtmlCacheBehavior [ RunTime:0.000427s ]
INFO: [ app_begin ] --END-- [ RunTime:0.000459s ]
ERR: SQLSTATE[HY000] [1045] Access denied for user 't_didi'@'61.148.221.114' (using password: YES)

[ 2020-05-09T15:28:32+08:00 ] ::1 /home/job
INFO: [ app_init ] --START--
INFO: Run Behavior\BuildLiteBehavior [ RunTime:0.000014s ]
INFO: [ app_init ] --END-- [ RunTime:0.000464s ]
INFO: [ app_begin ] --START--
INFO: Run Behavior\ReadHtmlCacheBehavior [ RunTime:0.001137s ]
INFO: [ app_begin ] --END-- [ RunTime:0.001237s ]
ERR: SQLSTATE[HY000] [1045] Access denied for user 't_didi'@'61.148.221.114' (using password: YES)

[ 2020-05-09T15:28:50+08:00 ] ::1 /home/job
INFO: [ app_init ] --START--
INFO: Run Behavior\BuildLiteBehavior [ RunTime:0.000018s ]
INFO: [ app_init ] --END-- [ RunTime:0.001188s ]
INFO: [ app_begin ] --START--
INFO: Run Behavior\ReadHtmlCacheBehavior [ RunTime:0.007069s ]
INFO: [ app_begin ] --END-- [ RunTime:0.007127s ]
SQL: SHOW COLUMNS FROM `admin` [ RunTime:0.0401s ]
SQL: SELECT * FROM `admin` WHERE ( 1=1 )  [ RunTime:0.0311s ]
INFO: [ app_end ] --START--
INFO: Run Behavior\ShowPageTraceBehavior [ RunTime:0.005426s ]
INFO: [ app_end ] --END-- [ RunTime:0.005493s ]

[ 2020-05-09T15:40:44+08:00 ] ::1 /home/job
INFO: [ app_init ] --START--
INFO: Run Behavior\BuildLiteBehavior [ RunTime:0.000025s ]
INFO: [ app_init ] --END-- [ RunTime:0.001646s ]
INFO: [ app_begin ] --START--
INFO: Run Behavior\ReadHtmlCacheBehavior [ RunTime:0.001586s ]
INFO: [ app_begin ] --END-- [ RunTime:0.001647s ]
SQL: SHOW COLUMNS FROM `admin` [ RunTime:0.0313s ]
SQL: SELECT * FROM `admin` WHERE ( 1=1 )  [ RunTime:0.0314s ]
INFO: [ app_end ] --START--
INFO: Run Behavior\ShowPageTraceBehavior [ RunTime:0.002706s ]
INFO: [ app_end ] --END-- [ RunTime:0.002764s ]

[ 2020-05-09T15:40:49+08:00 ] ::1 /home/job
INFO: [ app_init ] --START--
INFO: Run Behavior\BuildLiteBehavior [ RunTime:0.000017s ]
INFO: [ app_init ] --END-- [ RunTime:0.001046s ]
INFO: [ app_begin ] --START--
INFO: Run Behavior\ReadHtmlCacheBehavior [ RunTime:0.005791s ]
INFO: [ app_begin ] --END-- [ RunTime:0.005859s ]
SQL: SHOW COLUMNS FROM `admin` [ RunTime:0.0302s ]
SQL: SELECT * FROM `admin` WHERE ( 1=1 )  [ RunTime:0.0289s ]
INFO: [ app_end ] --START--
INFO: Run Behavior\ShowPageTraceBehavior [ RunTime:0.001263s ]
INFO: [ app_end ] --END-- [ RunTime:0.001344s ]

[ 2020-05-09T15:40:56+08:00 ] ::1 /home/job/getDataField
INFO: [ app_init ] --START--
INFO: Run Behavior\BuildLiteBehavior [ RunTime:0.000013s ]
INFO: [ app_init ] --END-- [ RunTime:0.000491s ]
INFO: [ app_begin ] --START--
INFO: Run Behavior\ReadHtmlCacheBehavior [ RunTime:0.001268s ]
INFO: [ app_begin ] --END-- [ RunTime:0.001322s ]
ERR: Too few arguments to function I(), 0 passed in /Applications/MAMP/htdocs/job/zhaopin-php/Application/Home/Controller/JobController.class.php on line 22 and at least 1 expected

[ 2020-05-09T15:42:26+08:00 ] ::1 /home/job/getDataField
INFO: [ app_init ] --START--
INFO: Run Behavior\BuildLiteBehavior [ RunTime:0.000140s ]
INFO: [ app_init ] --END-- [ RunTime:0.001747s ]
INFO: [ app_begin ] --START--
INFO: Run Behavior\ReadHtmlCacheBehavior [ RunTime:0.001077s ]
INFO: [ app_begin ] --END-- [ RunTime:0.001145s ]
NOTIC: [2] Missing argument 1 for I(), called in /Applications/MAMP/htdocs/job/zhaopin-php/Application/Home/Controller/JobController.class.php on line 22 and defined /Applications/MAMP/htdocs/job/zhaopin-php/ThinkPHP/Common/functions.php 第 303 行.
NOTIC: [8] Undefined variable: name /Applications/MAMP/htdocs/job/zhaopin-php/ThinkPHP/Common/functions.php 第 306 行.
NOTIC: [8] Undefined variable: name /Applications/MAMP/htdocs/job/zhaopin-php/ThinkPHP/Common/functions.php 第 313 行.
NOTIC: [8] Undefined variable: name /Applications/MAMP/htdocs/job/zhaopin-php/ThinkPHP/Common/functions.php 第 376 行.
NOTIC: [8] Undefined index: flag /Applications/MAMP/htdocs/job/zhaopin-php/Application/Home/Controller/JobController.class.php 第 24 行.
SQL: SHOW COLUMNS FROM `dict` [ RunTime:0.0349s ]
NOTIC: [8] Undefined variable: map /Applications/MAMP/htdocs/job/zhaopin-php/Application/Home/Controller/JobController.class.php 第 32 行.
SQL: SELECT * FROM `dict`  [ RunTime:0.0286s ]

[ 2020-05-09T15:42:32+08:00 ] ::1 /home/job/getDataField
INFO: [ app_init ] --START--
INFO: Run Behavior\BuildLiteBehavior [ RunTime:0.000025s ]
INFO: [ app_init ] --END-- [ RunTime:0.001401s ]
INFO: [ app_begin ] --START--
INFO: Run Behavior\ReadHtmlCacheBehavior [ RunTime:0.000644s ]
INFO: [ app_begin ] --END-- [ RunTime:0.000714s ]
NOTIC: [2] Missing argument 1 for I(), called in /Applications/MAMP/htdocs/job/zhaopin-php/Application/Home/Controller/JobController.class.php on line 22 and defined /Applications/MAMP/htdocs/job/zhaopin-php/ThinkPHP/Common/functions.php 第 303 行.
NOTIC: [8] Undefined variable: name /Applications/MAMP/htdocs/job/zhaopin-php/ThinkPHP/Common/functions.php 第 306 行.
NOTIC: [8] Undefined variable: name /Applications/MAMP/htdocs/job/zhaopin-php/ThinkPHP/Common/functions.php 第 313 行.
NOTIC: [8] Undefined variable: name /Applications/MAMP/htdocs/job/zhaopin-php/ThinkPHP/Common/functions.php 第 376 行.
NOTIC: [8] Undefined index: flag /Applications/MAMP/htdocs/job/zhaopin-php/Application/Home/Controller/JobController.class.php 第 24 行.
SQL: SHOW COLUMNS FROM `dict` [ RunTime:0.0307s ]
NOTIC: [8] Undefined variable: map /Applications/MAMP/htdocs/job/zhaopin-php/Application/Home/Controller/JobController.class.php 第 32 行.
SQL: SELECT * FROM `dict`  [ RunTime:0.0314s ]

[ 2020-05-09T15:44:39+08:00 ] ::1 /home/job/getDataField
INFO: [ app_init ] --START--
INFO: Run Behavior\BuildLiteBehavior [ RunTime:0.000023s ]
INFO: [ app_init ] --END-- [ RunTime:0.003827s ]
INFO: [ app_begin ] --START--
INFO: Run Behavior\ReadHtmlCacheBehavior [ RunTime:0.001440s ]
INFO: [ app_begin ] --END-- [ RunTime:0.001518s ]
NOTIC: [2] Missing argument 1 for I(), called in /Applications/MAMP/htdocs/job/zhaopin-php/Application/Home/Controller/JobController.class.php on line 22 and defined /Applications/MAMP/htdocs/job/zhaopin-php/ThinkPHP/Common/functions.php 第 303 行.
NOTIC: [8] Undefined variable: name /Applications/MAMP/htdocs/job/zhaopin-php/ThinkPHP/Common/functions.php 第 306 行.
NOTIC: [8] Undefined variable: name /Applications/MAMP/htdocs/job/zhaopin-php/ThinkPHP/Common/functions.php 第 313 行.
NOTIC: [8] Undefined variable: name /Applications/MAMP/htdocs/job/zhaopin-php/ThinkPHP/Common/functions.php 第 376 行.
NOTIC: [8] Undefined index: flag /Applications/MAMP/htdocs/job/zhaopin-php/Application/Home/Controller/JobController.class.php 第 24 行.
SQL: SHOW COLUMNS FROM `dict` [ RunTime:0.0280s ]
NOTIC: [8] Undefined variable: map /Applications/MAMP/htdocs/job/zhaopin-php/Application/Home/Controller/JobController.class.php 第 32 行.
ERR: 1064:You have an error in your SQL syntax; check the manual that corresponds to your MySQL server version for the right syntax to use near '.id' at line 1
 [ SQL语句 ] : SELECT * FROM `dict` left join dict_value.dict_id = dict.id  
ERR: 1064:You have an error in your SQL syntax; check the manual that corresponds to your MySQL server version for the right syntax to use near '.id' at line 1
 [ SQL语句 ] : SELECT * FROM `dict` left join dict_value.dict_id = dict.id  

[ 2020-05-09T15:44:59+08:00 ] ::1 /home/job/getDataField
INFO: [ app_init ] --START--
INFO: Run Behavior\BuildLiteBehavior [ RunTime:0.000030s ]
INFO: [ app_init ] --END-- [ RunTime:0.011922s ]
INFO: [ app_begin ] --START--
INFO: Run Behavior\ReadHtmlCacheBehavior [ RunTime:0.002951s ]
INFO: [ app_begin ] --END-- [ RunTime:0.003029s ]
NOTIC: [2] Missing argument 1 for I(), called in /Applications/MAMP/htdocs/job/zhaopin-php/Application/Home/Controller/JobController.class.php on line 22 and defined /Applications/MAMP/htdocs/job/zhaopin-php/ThinkPHP/Common/functions.php 第 303 行.
NOTIC: [8] Undefined variable: name /Applications/MAMP/htdocs/job/zhaopin-php/ThinkPHP/Common/functions.php 第 306 行.
NOTIC: [8] Undefined variable: name /Applications/MAMP/htdocs/job/zhaopin-php/ThinkPHP/Common/functions.php 第 313 行.
NOTIC: [8] Undefined variable: name /Applications/MAMP/htdocs/job/zhaopin-php/ThinkPHP/Common/functions.php 第 376 行.
NOTIC: [8] Undefined index: flag /Applications/MAMP/htdocs/job/zhaopin-php/Application/Home/Controller/JobController.class.php 第 24 行.
SQL: SHOW COLUMNS FROM `dict` [ RunTime:0.0333s ]
NOTIC: [8] Undefined variable: map /Applications/MAMP/htdocs/job/zhaopin-php/Application/Home/Controller/JobController.class.php 第 32 行.
ERR: 1064:You have an error in your SQL syntax; check the manual that corresponds to your MySQL server version for the right syntax to use near 'on dict_value.dict_id = dict.id' at line 1
 [ SQL语句 ] : SELECT * FROM `dict` left join  on dict_value.dict_id = dict.id  
ERR: 1064:You have an error in your SQL syntax; check the manual that corresponds to your MySQL server version for the right syntax to use near 'on dict_value.dict_id = dict.id' at line 1
 [ SQL语句 ] : SELECT * FROM `dict` left join  on dict_value.dict_id = dict.id  

[ 2020-05-09T15:45:17+08:00 ] ::1 /home/job/getDataField
INFO: [ app_init ] --START--
INFO: Run Behavior\BuildLiteBehavior [ RunTime:0.000017s ]
INFO: [ app_init ] --END-- [ RunTime:0.002321s ]
INFO: [ app_begin ] --START--
INFO: Run Behavior\ReadHtmlCacheBehavior [ RunTime:0.001330s ]
INFO: [ app_begin ] --END-- [ RunTime:0.002010s ]
NOTIC: [2] Missing argument 1 for I(), called in /Applications/MAMP/htdocs/job/zhaopin-php/Application/Home/Controller/JobController.class.php on line 22 and defined /Applications/MAMP/htdocs/job/zhaopin-php/ThinkPHP/Common/functions.php 第 303 行.
NOTIC: [8] Undefined variable: name /Applications/MAMP/htdocs/job/zhaopin-php/ThinkPHP/Common/functions.php 第 306 行.
NOTIC: [8] Undefined variable: name /Applications/MAMP/htdocs/job/zhaopin-php/ThinkPHP/Common/functions.php 第 313 行.
NOTIC: [8] Undefined variable: name /Applications/MAMP/htdocs/job/zhaopin-php/ThinkPHP/Common/functions.php 第 376 行.
NOTIC: [8] Undefined index: flag /Applications/MAMP/htdocs/job/zhaopin-php/Application/Home/Controller/JobController.class.php 第 24 行.
SQL: SHOW COLUMNS FROM `dict` [ RunTime:0.0325s ]
NOTIC: [8] Undefined variable: map /Applications/MAMP/htdocs/job/zhaopin-php/Application/Home/Controller/JobController.class.php 第 32 行.
SQL: SELECT * FROM `dict` left join  dict_value on dict_value.dict_id = dict.id   [ RunTime:0.0330s ]

[ 2020-05-09T15:48:18+08:00 ] ::1 /home/job/getDataField
INFO: [ app_init ] --START--
INFO: Run Behavior\BuildLiteBehavior [ RunTime:0.000862s ]
INFO: [ app_init ] --END-- [ RunTime:0.005764s ]
INFO: [ app_begin ] --START--
INFO: Run Behavior\ReadHtmlCacheBehavior [ RunTime:0.001011s ]
INFO: [ app_begin ] --END-- [ RunTime:0.001079s ]
NOTIC: [2] Missing argument 1 for I(), called in /Applications/MAMP/htdocs/job/zhaopin-php/Application/Home/Controller/JobController.class.php on line 22 and defined /Applications/MAMP/htdocs/job/zhaopin-php/ThinkPHP/Common/functions.php 第 303 行.
NOTIC: [8] Undefined variable: name /Applications/MAMP/htdocs/job/zhaopin-php/ThinkPHP/Common/functions.php 第 306 行.
NOTIC: [8] Undefined variable: name /Applications/MAMP/htdocs/job/zhaopin-php/ThinkPHP/Common/functions.php 第 313 行.
NOTIC: [8] Undefined variable: name /Applications/MAMP/htdocs/job/zhaopin-php/ThinkPHP/Common/functions.php 第 376 行.
NOTIC: [8] Undefined index: flag /Applications/MAMP/htdocs/job/zhaopin-php/Application/Home/Controller/JobController.class.php 第 24 行.
SQL: SHOW COLUMNS FROM `dict` [ RunTime:0.0305s ]
SQL: SHOW COLUMNS FROM `dict_value` [ RunTime:0.0331s ]
NOTIC: [8] Undefined variable: map /Applications/MAMP/htdocs/job/zhaopin-php/Application/Home/Controller/JobController.class.php 第 33 行.
SQL: SELECT * FROM `dict`  [ RunTime:0.0293s ]
SQL: SELECT * FROM `dict_value` WHERE `dict_id` = 1  [ RunTime:0.0350s ]
SQL: SELECT * FROM `dict_value` WHERE `dict_id` = 2  [ RunTime:0.0320s ]
SQL: SELECT * FROM `dict_value` WHERE `dict_id` = 3  [ RunTime:0.0290s ]

[ 2020-05-09T15:48:45+08:00 ] ::1 /home/job/getDataField?flag=city
INFO: [ app_init ] --START--
INFO: Run Behavior\BuildLiteBehavior [ RunTime:0.000027s ]
INFO: [ app_init ] --END-- [ RunTime:0.000535s ]
INFO: [ app_begin ] --START--
INFO: Run Behavior\ReadHtmlCacheBehavior [ RunTime:0.002018s ]
INFO: [ app_begin ] --END-- [ RunTime:0.003732s ]
NOTIC: [2] Missing argument 1 for I(), called in /Applications/MAMP/htdocs/job/zhaopin-php/Application/Home/Controller/JobController.class.php on line 22 and defined /Applications/MAMP/htdocs/job/zhaopin-php/ThinkPHP/Common/functions.php 第 303 行.
NOTIC: [8] Undefined variable: name /Applications/MAMP/htdocs/job/zhaopin-php/ThinkPHP/Common/functions.php 第 306 行.
NOTIC: [8] Undefined variable: name /Applications/MAMP/htdocs/job/zhaopin-php/ThinkPHP/Common/functions.php 第 313 行.
NOTIC: [8] Undefined variable: name /Applications/MAMP/htdocs/job/zhaopin-php/ThinkPHP/Common/functions.php 第 376 行.
SQL: SHOW COLUMNS FROM `dict` [ RunTime:0.0482s ]
SQL: SHOW COLUMNS FROM `dict_value` [ RunTime:0.0303s ]
SQL: SELECT * FROM `dict` WHERE `name` = 'city'  [ RunTime:0.0282s ]
SQL: SELECT * FROM `dict_value` WHERE `dict_id` = 1  [ RunTime:0.0284s ]

[ 2020-05-09T16:14:15+08:00 ] ::1 /home/job/getDataField?flag=city
INFO: [ app_init ] --START--
INFO: Run Behavior\BuildLiteBehavior [ RunTime:0.000086s ]
INFO: [ app_init ] --END-- [ RunTime:0.002836s ]
INFO: [ app_begin ] --START--
INFO: Run Behavior\ReadHtmlCacheBehavior [ RunTime:0.001304s ]
INFO: [ app_begin ] --END-- [ RunTime:0.001365s ]
NOTIC: [2] Missing argument 1 for I(), called in /Applications/MAMP/htdocs/job/zhaopin-php/Application/Home/Controller/JobController.class.php on line 27 and defined /Applications/MAMP/htdocs/job/zhaopin-php/ThinkPHP/Common/functions.php 第 303 行.
NOTIC: [8] Undefined variable: name /Applications/MAMP/htdocs/job/zhaopin-php/ThinkPHP/Common/functions.php 第 306 行.
NOTIC: [8] Undefined variable: name /Applications/MAMP/htdocs/job/zhaopin-php/ThinkPHP/Common/functions.php 第 313 行.
NOTIC: [8] Undefined variable: name /Applications/MAMP/htdocs/job/zhaopin-php/ThinkPHP/Common/functions.php 第 376 行.
SQL: SHOW COLUMNS FROM `dict` [ RunTime:0.0314s ]
SQL: SHOW COLUMNS FROM `dict_value` [ RunTime:0.0327s ]
SQL: SELECT * FROM `dict` WHERE `name` = 'city'  [ RunTime:0.0347s ]
SQL: SELECT * FROM `dict_value` WHERE `dict_id` = 1  [ RunTime:0.0307s ]

[ 2020-05-09T16:17:47+08:00 ] ::1 /home/job/getDataField?flag=city
INFO: [ app_init ] --START--
INFO: Run Behavior\BuildLiteBehavior [ RunTime:0.000015s ]
INFO: [ app_init ] --END-- [ RunTime:0.002370s ]
INFO: [ app_begin ] --START--
INFO: Run Behavior\ReadHtmlCacheBehavior [ RunTime:0.002037s ]
INFO: [ app_begin ] --END-- [ RunTime:0.002122s ]
NOTIC: [2] Missing argument 1 for I(), called in /Applications/MAMP/htdocs/job/zhaopin-php/Application/Home/Controller/JobController.class.php on line 28 and defined /Applications/MAMP/htdocs/job/zhaopin-php/ThinkPHP/Common/functions.php 第 303 行.
NOTIC: [8] Undefined variable: name /Applications/MAMP/htdocs/job/zhaopin-php/ThinkPHP/Common/functions.php 第 306 行.
NOTIC: [8] Undefined variable: name /Applications/MAMP/htdocs/job/zhaopin-php/ThinkPHP/Common/functions.php 第 313 行.
NOTIC: [8] Undefined variable: name /Applications/MAMP/htdocs/job/zhaopin-php/ThinkPHP/Common/functions.php 第 376 行.
SQL: SHOW COLUMNS FROM `dict` [ RunTime:0.0304s ]
SQL: SHOW COLUMNS FROM `dict_value` [ RunTime:0.0296s ]
SQL: SELECT * FROM `dict` WHERE `name` = 'city'  [ RunTime:0.0278s ]
SQL: SELECT * FROM `dict_value` WHERE `dict_id` = 1  [ RunTime:0.0287s ]

[ 2020-05-09T16:17:56+08:00 ] ::1 /home/job/getDataField?flag=city
INFO: [ app_init ] --START--
INFO: Run Behavior\BuildLiteBehavior [ RunTime:0.000035s ]
INFO: [ app_init ] --END-- [ RunTime:0.004679s ]
INFO: [ app_begin ] --START--
INFO: Run Behavior\ReadHtmlCacheBehavior [ RunTime:0.000717s ]
INFO: [ app_begin ] --END-- [ RunTime:0.001020s ]
NOTIC: [2] Missing argument 1 for I(), called in /Applications/MAMP/htdocs/job/zhaopin-php/Application/Home/Controller/JobController.class.php on line 28 and defined /Applications/MAMP/htdocs/job/zhaopin-php/ThinkPHP/Common/functions.php 第 303 行.
NOTIC: [8] Undefined variable: name /Applications/MAMP/htdocs/job/zhaopin-php/ThinkPHP/Common/functions.php 第 306 行.
NOTIC: [8] Undefined variable: name /Applications/MAMP/htdocs/job/zhaopin-php/ThinkPHP/Common/functions.php 第 313 行.
NOTIC: [8] Undefined variable: name /Applications/MAMP/htdocs/job/zhaopin-php/ThinkPHP/Common/functions.php 第 376 行.
SQL: SHOW COLUMNS FROM `dict` [ RunTime:0.0319s ]
SQL: SHOW COLUMNS FROM `dict_value` [ RunTime:0.0313s ]
SQL: SELECT * FROM `dict` WHERE `name` = 'city'  [ RunTime:0.0296s ]
SQL: SELECT * FROM `dict_value` WHERE `dict_id` = 1  [ RunTime:0.0283s ]

[ 2020-05-09T16:18:34+08:00 ] ::1 /home/job/getDataField?flag=city
INFO: [ app_init ] --START--
INFO: Run Behavior\BuildLiteBehavior [ RunTime:0.000017s ]
INFO: [ app_init ] --END-- [ RunTime:0.001311s ]
INFO: [ app_begin ] --START--
INFO: Run Behavior\ReadHtmlCacheBehavior [ RunTime:0.004432s ]
INFO: [ app_begin ] --END-- [ RunTime:0.004635s ]
NOTIC: [2] Missing argument 1 for I(), called in /Applications/MAMP/htdocs/job/zhaopin-php/Application/Home/Controller/JobController.class.php on line 28 and defined /Applications/MAMP/htdocs/job/zhaopin-php/ThinkPHP/Common/functions.php 第 303 行.
NOTIC: [8] Undefined variable: name /Applications/MAMP/htdocs/job/zhaopin-php/ThinkPHP/Common/functions.php 第 306 行.
NOTIC: [8] Undefined variable: name /Applications/MAMP/htdocs/job/zhaopin-php/ThinkPHP/Common/functions.php 第 313 行.
NOTIC: [8] Undefined variable: name /Applications/MAMP/htdocs/job/zhaopin-php/ThinkPHP/Common/functions.php 第 376 行.
SQL: SHOW COLUMNS FROM `dict` [ RunTime:0.0283s ]
SQL: SHOW COLUMNS FROM `dict_value` [ RunTime:0.0310s ]
SQL: SELECT * FROM `dict` WHERE `name` = 'city'  [ RunTime:0.0294s ]
SQL: SELECT * FROM `dict_value` WHERE `dict_id` = 1  [ RunTime:0.0279s ]

[ 2020-05-09T16:18:58+08:00 ] ::1 /home/job/getDataField?flag=city
INFO: [ app_init ] --START--
INFO: Run Behavior\BuildLiteBehavior [ RunTime:0.000017s ]
INFO: [ app_init ] --END-- [ RunTime:0.006992s ]
INFO: [ app_begin ] --START--
INFO: Run Behavior\ReadHtmlCacheBehavior [ RunTime:0.001354s ]
INFO: [ app_begin ] --END-- [ RunTime:0.001447s ]
NOTIC: [2] Missing argument 1 for I(), called in /Applications/MAMP/htdocs/job/zhaopin-php/Application/Home/Controller/JobController.class.php on line 28 and defined /Applications/MAMP/htdocs/job/zhaopin-php/ThinkPHP/Common/functions.php 第 303 行.
NOTIC: [8] Undefined variable: name /Applications/MAMP/htdocs/job/zhaopin-php/ThinkPHP/Common/functions.php 第 306 行.
NOTIC: [8] Undefined variable: name /Applications/MAMP/htdocs/job/zhaopin-php/ThinkPHP/Common/functions.php 第 313 行.
NOTIC: [8] Undefined variable: name /Applications/MAMP/htdocs/job/zhaopin-php/ThinkPHP/Common/functions.php 第 376 行.
SQL: SHOW COLUMNS FROM `dict` [ RunTime:0.0323s ]
SQL: SHOW COLUMNS FROM `dict_value` [ RunTime:0.0311s ]
SQL: SELECT * FROM `dict` WHERE `name` = 'city'  [ RunTime:0.0327s ]
SQL: SELECT * FROM `dict_value` WHERE `dict_id` = 1  [ RunTime:0.0312s ]

[ 2020-05-09T16:19:24+08:00 ] ::1 /home/job/getDataField?flag=city
INFO: [ app_init ] --START--
INFO: Run Behavior\BuildLiteBehavior [ RunTime:0.000015s ]
INFO: [ app_init ] --END-- [ RunTime:0.000795s ]
INFO: [ app_begin ] --START--
INFO: Run Behavior\ReadHtmlCacheBehavior [ RunTime:0.001916s ]
INFO: [ app_begin ] --END-- [ RunTime:0.001995s ]
NOTIC: [2] Missing argument 1 for I(), called in /Applications/MAMP/htdocs/job/zhaopin-php/Application/Home/Controller/JobController.class.php on line 28 and defined /Applications/MAMP/htdocs/job/zhaopin-php/ThinkPHP/Common/functions.php 第 303 行.
NOTIC: [8] Undefined variable: name /Applications/MAMP/htdocs/job/zhaopin-php/ThinkPHP/Common/functions.php 第 306 行.
NOTIC: [8] Undefined variable: name /Applications/MAMP/htdocs/job/zhaopin-php/ThinkPHP/Common/functions.php 第 313 行.
NOTIC: [8] Undefined variable: name /Applications/MAMP/htdocs/job/zhaopin-php/ThinkPHP/Common/functions.php 第 376 行.
SQL: SHOW COLUMNS FROM `dict` [ RunTime:0.0290s ]
SQL: SHOW COLUMNS FROM `dict_value` [ RunTime:0.0305s ]
SQL: SELECT * FROM `dict` WHERE `name` = 'city'  [ RunTime:0.0301s ]
SQL: SELECT * FROM `dict_value` WHERE `dict_id` = 1  [ RunTime:0.0308s ]

[ 2020-05-09T16:19:50+08:00 ] ::1 /home/job/getDataField?flag=city
INFO: [ app_init ] --START--
INFO: Run Behavior\BuildLiteBehavior [ RunTime:0.000015s ]
INFO: [ app_init ] --END-- [ RunTime:0.001618s ]
INFO: [ app_begin ] --START--
INFO: Run Behavior\ReadHtmlCacheBehavior [ RunTime:0.001228s ]
INFO: [ app_begin ] --END-- [ RunTime:0.001293s ]
NOTIC: [2] Missing argument 1 for I(), called in /Applications/MAMP/htdocs/job/zhaopin-php/Application/Home/Controller/JobController.class.php on line 28 and defined /Applications/MAMP/htdocs/job/zhaopin-php/ThinkPHP/Common/functions.php 第 303 行.
NOTIC: [8] Undefined variable: name /Applications/MAMP/htdocs/job/zhaopin-php/ThinkPHP/Common/functions.php 第 306 行.
NOTIC: [8] Undefined variable: name /Applications/MAMP/htdocs/job/zhaopin-php/ThinkPHP/Common/functions.php 第 313 行.
NOTIC: [8] Undefined variable: name /Applications/MAMP/htdocs/job/zhaopin-php/ThinkPHP/Common/functions.php 第 376 行.
SQL: SHOW COLUMNS FROM `dict` [ RunTime:0.0314s ]
SQL: SHOW COLUMNS FROM `dict_value` [ RunTime:0.0307s ]
SQL: SELECT * FROM `dict` WHERE `name` = 'city'  [ RunTime:0.0324s ]
SQL: SELECT * FROM `dict_value` WHERE `dict_id` = 1  [ RunTime:0.0298s ]

[ 2020-05-09T16:19:58+08:00 ] ::1 /home/job/getDataField?flag=city
INFO: [ app_init ] --START--
INFO: Run Behavior\BuildLiteBehavior [ RunTime:0.000395s ]
INFO: [ app_init ] --END-- [ RunTime:0.004537s ]
INFO: [ app_begin ] --START--
INFO: Run Behavior\ReadHtmlCacheBehavior [ RunTime:0.002747s ]
INFO: [ app_begin ] --END-- [ RunTime:0.002826s ]
NOTIC: [2] Missing argument 1 for I(), called in /Applications/MAMP/htdocs/job/zhaopin-php/Application/Home/Controller/JobController.class.php on line 28 and defined /Applications/MAMP/htdocs/job/zhaopin-php/ThinkPHP/Common/functions.php 第 303 行.
NOTIC: [8] Undefined variable: name /Applications/MAMP/htdocs/job/zhaopin-php/ThinkPHP/Common/functions.php 第 306 行.
NOTIC: [8] Undefined variable: name /Applications/MAMP/htdocs/job/zhaopin-php/ThinkPHP/Common/functions.php 第 313 行.
NOTIC: [8] Undefined variable: name /Applications/MAMP/htdocs/job/zhaopin-php/ThinkPHP/Common/functions.php 第 376 行.
SQL: SHOW COLUMNS FROM `dict` [ RunTime:0.0288s ]
SQL: SHOW COLUMNS FROM `dict_value` [ RunTime:0.0280s ]
SQL: SELECT * FROM `dict` WHERE `name` = 'city'  [ RunTime:0.0290s ]
SQL: SELECT * FROM `dict_value` WHERE `dict_id` = 1  [ RunTime:0.0281s ]

[ 2020-05-09T16:20:49+08:00 ] ::1 /home/job/getDataField?flag=city
INFO: [ app_init ] --START--
INFO: Run Behavior\BuildLiteBehavior [ RunTime:0.000025s ]
INFO: [ app_init ] --END-- [ RunTime:0.001394s ]
INFO: [ app_begin ] --START--
INFO: Run Behavior\ReadHtmlCacheBehavior [ RunTime:0.002780s ]
INFO: [ app_begin ] --END-- [ RunTime:0.002852s ]
NOTIC: [2] Missing argument 1 for I(), called in /Applications/MAMP/htdocs/job/zhaopin-php/Application/Home/Controller/JobController.class.php on line 28 and defined /Applications/MAMP/htdocs/job/zhaopin-php/ThinkPHP/Common/functions.php 第 303 行.
NOTIC: [8] Undefined variable: name /Applications/MAMP/htdocs/job/zhaopin-php/ThinkPHP/Common/functions.php 第 306 行.
NOTIC: [8] Undefined variable: name /Applications/MAMP/htdocs/job/zhaopin-php/ThinkPHP/Common/functions.php 第 313 行.
NOTIC: [8] Undefined variable: name /Applications/MAMP/htdocs/job/zhaopin-php/ThinkPHP/Common/functions.php 第 376 行.
SQL: SHOW COLUMNS FROM `dict` [ RunTime:0.0318s ]
SQL: SHOW COLUMNS FROM `dict_value` [ RunTime:0.0292s ]
SQL: SELECT * FROM `dict` WHERE `name` = 'city'  [ RunTime:0.0290s ]
SQL: SELECT * FROM `dict_value` WHERE `dict_id` = 1  [ RunTime:0.0296s ]

[ 2020-05-09T16:20:57+08:00 ] ::1 /home/job/getDataField?flag=city
INFO: [ app_init ] --START--
INFO: Run Behavior\BuildLiteBehavior [ RunTime:0.000014s ]
INFO: [ app_init ] --END-- [ RunTime:0.000387s ]
INFO: [ app_begin ] --START--
INFO: Run Behavior\ReadHtmlCacheBehavior [ RunTime:0.000418s ]
INFO: [ app_begin ] --END-- [ RunTime:0.000473s ]
NOTIC: [2] Missing argument 1 for I(), called in /Applications/MAMP/htdocs/job/zhaopin-php/Application/Home/Controller/JobController.class.php on line 28 and defined /Applications/MAMP/htdocs/job/zhaopin-php/ThinkPHP/Common/functions.php 第 303 行.
NOTIC: [8] Undefined variable: name /Applications/MAMP/htdocs/job/zhaopin-php/ThinkPHP/Common/functions.php 第 306 行.
NOTIC: [8] Undefined variable: name /Applications/MAMP/htdocs/job/zhaopin-php/ThinkPHP/Common/functions.php 第 313 行.
NOTIC: [8] Undefined variable: name /Applications/MAMP/htdocs/job/zhaopin-php/ThinkPHP/Common/functions.php 第 376 行.
SQL: SHOW COLUMNS FROM `dict` [ RunTime:0.0289s ]
SQL: SHOW COLUMNS FROM `dict_value` [ RunTime:0.0285s ]
SQL: SELECT * FROM `dict` WHERE `name` = 'city'  [ RunTime:0.0271s ]
SQL: SELECT * FROM `dict_value` WHERE `dict_id` = 1  [ RunTime:0.0304s ]

[ 2020-05-09T16:21:04+08:00 ] ::1 /home/job/getDataField?flag=city
INFO: [ app_init ] --START--
INFO: Run Behavior\BuildLiteBehavior [ RunTime:0.000022s ]
INFO: [ app_init ] --END-- [ RunTime:0.001682s ]
INFO: [ app_begin ] --START--
INFO: Run Behavior\ReadHtmlCacheBehavior [ RunTime:0.003719s ]
INFO: [ app_begin ] --END-- [ RunTime:0.003848s ]
NOTIC: [2] Missing argument 1 for I(), called in /Applications/MAMP/htdocs/job/zhaopin-php/Application/Home/Controller/JobController.class.php on line 28 and defined /Applications/MAMP/htdocs/job/zhaopin-php/ThinkPHP/Common/functions.php 第 303 行.
NOTIC: [8] Undefined variable: name /Applications/MAMP/htdocs/job/zhaopin-php/ThinkPHP/Common/functions.php 第 306 行.
NOTIC: [8] Undefined variable: name /Applications/MAMP/htdocs/job/zhaopin-php/ThinkPHP/Common/functions.php 第 313 行.
NOTIC: [8] Undefined variable: name /Applications/MAMP/htdocs/job/zhaopin-php/ThinkPHP/Common/functions.php 第 376 行.
SQL: SHOW COLUMNS FROM `dict` [ RunTime:0.0281s ]
SQL: SHOW COLUMNS FROM `dict_value` [ RunTime:0.0287s ]
SQL: SELECT * FROM `dict` WHERE `name` = 'city'  [ RunTime:0.0275s ]
SQL: SELECT * FROM `dict_value` WHERE `dict_id` = 1  [ RunTime:0.0284s ]

[ 2020-05-09T16:21:23+08:00 ] ::1 /home/job/getDataField?flag=city
INFO: [ app_init ] --START--
INFO: Run Behavior\BuildLiteBehavior [ RunTime:0.000016s ]
INFO: [ app_init ] --END-- [ RunTime:0.000280s ]
INFO: [ app_begin ] --START--
INFO: Run Behavior\ReadHtmlCacheBehavior [ RunTime:0.000654s ]
INFO: [ app_begin ] --END-- [ RunTime:0.000699s ]
NOTIC: [2] Missing argument 1 for I(), called in /Applications/MAMP/htdocs/job/zhaopin-php/Application/Home/Controller/JobController.class.php on line 28 and defined /Applications/MAMP/htdocs/job/zhaopin-php/ThinkPHP/Common/functions.php 第 303 行.
NOTIC: [8] Undefined variable: name /Applications/MAMP/htdocs/job/zhaopin-php/ThinkPHP/Common/functions.php 第 306 行.
NOTIC: [8] Undefined variable: name /Applications/MAMP/htdocs/job/zhaopin-php/ThinkPHP/Common/functions.php 第 313 行.
NOTIC: [8] Undefined variable: name /Applications/MAMP/htdocs/job/zhaopin-php/ThinkPHP/Common/functions.php 第 376 行.
SQL: SHOW COLUMNS FROM `dict` [ RunTime:0.0293s ]
SQL: SHOW COLUMNS FROM `dict_value` [ RunTime:0.0305s ]
SQL: SELECT * FROM `dict` WHERE `name` = 'city'  [ RunTime:0.0311s ]
SQL: SELECT * FROM `dict_value` WHERE `dict_id` = 1  [ RunTime:0.0308s ]

[ 2020-05-09T16:21:33+08:00 ] ::1 /home/job/getDataField?flag=city
INFO: [ app_init ] --START--
INFO: Run Behavior\BuildLiteBehavior [ RunTime:0.000012s ]
INFO: [ app_init ] --END-- [ RunTime:0.000434s ]
INFO: [ app_begin ] --START--
INFO: Run Behavior\ReadHtmlCacheBehavior [ RunTime:0.000926s ]
INFO: [ app_begin ] --END-- [ RunTime:0.000987s ]
NOTIC: [2] Missing argument 1 for I(), called in /Applications/MAMP/htdocs/job/zhaopin-php/Application/Home/Controller/JobController.class.php on line 28 and defined /Applications/MAMP/htdocs/job/zhaopin-php/ThinkPHP/Common/functions.php 第 303 行.
NOTIC: [8] Undefined variable: name /Applications/MAMP/htdocs/job/zhaopin-php/ThinkPHP/Common/functions.php 第 306 行.
NOTIC: [8] Undefined variable: name /Applications/MAMP/htdocs/job/zhaopin-php/ThinkPHP/Common/functions.php 第 313 行.
NOTIC: [8] Undefined variable: name /Applications/MAMP/htdocs/job/zhaopin-php/ThinkPHP/Common/functions.php 第 376 行.
SQL: SHOW COLUMNS FROM `dict` [ RunTime:0.0302s ]
SQL: SHOW COLUMNS FROM `dict_value` [ RunTime:0.0310s ]
SQL: SELECT * FROM `dict` WHERE `name` = 'city'  [ RunTime:0.0294s ]
SQL: SELECT * FROM `dict_value` WHERE `dict_id` = 1  [ RunTime:0.0297s ]

[ 2020-05-09T16:21:40+08:00 ] ::1 /home/job/getDataField?flag=city
INFO: [ app_init ] --START--
INFO: Run Behavior\BuildLiteBehavior [ RunTime:0.000081s ]
INFO: [ app_init ] --END-- [ RunTime:0.002598s ]
INFO: [ app_begin ] --START--
INFO: Run Behavior\ReadHtmlCacheBehavior [ RunTime:0.001101s ]
INFO: [ app_begin ] --END-- [ RunTime:0.001173s ]
NOTIC: [2] Missing argument 1 for I(), called in /Applications/MAMP/htdocs/job/zhaopin-php/Application/Home/Controller/JobController.class.php on line 28 and defined /Applications/MAMP/htdocs/job/zhaopin-php/ThinkPHP/Common/functions.php 第 303 行.
NOTIC: [8] Undefined variable: name /Applications/MAMP/htdocs/job/zhaopin-php/ThinkPHP/Common/functions.php 第 306 行.
NOTIC: [8] Undefined variable: name /Applications/MAMP/htdocs/job/zhaopin-php/ThinkPHP/Common/functions.php 第 313 行.
NOTIC: [8] Undefined variable: name /Applications/MAMP/htdocs/job/zhaopin-php/ThinkPHP/Common/functions.php 第 376 行.
SQL: SHOW COLUMNS FROM `dict` [ RunTime:0.0293s ]
SQL: SHOW COLUMNS FROM `dict_value` [ RunTime:0.0293s ]
SQL: SELECT * FROM `dict` WHERE `name` = 'city'  [ RunTime:0.0283s ]
SQL: SELECT * FROM `dict_value` WHERE `dict_id` = 1  [ RunTime:0.0300s ]

[ 2020-05-09T16:21:43+08:00 ] ::1 /home/job/getDataField?flag=city
INFO: [ app_init ] --START--
INFO: Run Behavior\BuildLiteBehavior [ RunTime:0.000012s ]
INFO: [ app_init ] --END-- [ RunTime:0.000557s ]
INFO: [ app_begin ] --START--
INFO: Run Behavior\ReadHtmlCacheBehavior [ RunTime:0.000415s ]
INFO: [ app_begin ] --END-- [ RunTime:0.000469s ]
NOTIC: [2] Missing argument 1 for I(), called in /Applications/MAMP/htdocs/job/zhaopin-php/Application/Home/Controller/JobController.class.php on line 28 and defined /Applications/MAMP/htdocs/job/zhaopin-php/ThinkPHP/Common/functions.php 第 303 行.
NOTIC: [8] Undefined variable: name /Applications/MAMP/htdocs/job/zhaopin-php/ThinkPHP/Common/functions.php 第 306 行.
NOTIC: [8] Undefined variable: name /Applications/MAMP/htdocs/job/zhaopin-php/ThinkPHP/Common/functions.php 第 313 行.
NOTIC: [8] Undefined variable: name /Applications/MAMP/htdocs/job/zhaopin-php/ThinkPHP/Common/functions.php 第 376 行.
SQL: SHOW COLUMNS FROM `dict` [ RunTime:0.0296s ]
SQL: SHOW COLUMNS FROM `dict_value` [ RunTime:0.0292s ]
SQL: SELECT * FROM `dict` WHERE `name` = 'city'  [ RunTime:0.0281s ]
SQL: SELECT * FROM `dict_value` WHERE `dict_id` = 1  [ RunTime:0.0281s ]

[ 2020-05-09T16:21:45+08:00 ] ::1 /home/job/getDataField?flag=city
INFO: [ app_init ] --START--
INFO: Run Behavior\BuildLiteBehavior [ RunTime:0.000017s ]
INFO: [ app_init ] --END-- [ RunTime:0.000392s ]
INFO: [ app_begin ] --START--
INFO: Run Behavior\ReadHtmlCacheBehavior [ RunTime:0.000399s ]
INFO: [ app_begin ] --END-- [ RunTime:0.000445s ]
NOTIC: [2] Missing argument 1 for I(), called in /Applications/MAMP/htdocs/job/zhaopin-php/Application/Home/Controller/JobController.class.php on line 28 and defined /Applications/MAMP/htdocs/job/zhaopin-php/ThinkPHP/Common/functions.php 第 303 行.
NOTIC: [8] Undefined variable: name /Applications/MAMP/htdocs/job/zhaopin-php/ThinkPHP/Common/functions.php 第 306 行.
NOTIC: [8] Undefined variable: name /Applications/MAMP/htdocs/job/zhaopin-php/ThinkPHP/Common/functions.php 第 313 行.
NOTIC: [8] Undefined variable: name /Applications/MAMP/htdocs/job/zhaopin-php/ThinkPHP/Common/functions.php 第 376 行.
SQL: SHOW COLUMNS FROM `dict` [ RunTime:0.0338s ]
SQL: SHOW COLUMNS FROM `dict_value` [ RunTime:0.0292s ]
SQL: SELECT * FROM `dict` WHERE `name` = 'city'  [ RunTime:0.0295s ]
SQL: SELECT * FROM `dict_value` WHERE `dict_id` = 1  [ RunTime:0.0284s ]

