[ 2020-05-10T14:46:32+08:00 ] ::1 /home/job/JobInfoList?flag=city
INFO: [ app_init ] --START--
INFO: Run Behavior\BuildLiteBehavior [ RunTime:0.000021s ]
INFO: [ app_init ] --END-- [ RunTime:0.001222s ]
INFO: [ app_begin ] --START--
INFO: Run Behavior\ReadHtmlCacheBehavior [ RunTime:0.002172s ]
INFO: [ app_begin ] --END-- [ RunTime:0.002283s ]
NOTIC: [2] Missing argument 1 for I(), called in /Applications/MAMP/htdocs/job/zhaopin-php/Application/Home/Controller/JobController.class.php on line 45 and defined /Applications/MAMP/htdocs/job/zhaopin-php/ThinkPHP/Common/functions.php 第 303 行.
NOTIC: [8] Undefined variable: name /Applications/MAMP/htdocs/job/zhaopin-php/ThinkPHP/Common/functions.php 第 306 行.
NOTIC: [8] Undefined variable: name /Applications/MAMP/htdocs/job/zhaopin-php/ThinkPHP/Common/functions.php 第 313 行.
NOTIC: [8] Undefined variable: name /Applications/MAMP/htdocs/job/zhaopin-php/ThinkPHP/Common/functions.php 第 376 行.
SQL: SHOW COLUMNS FROM `article` [ RunTime:0.0281s ]
NOTIC: [8] Undefined index: city /Applications/MAMP/htdocs/job/zhaopin-php/Application/Home/Controller/JobController.class.php 第 53 行.
NOTIC: [8] Undefined index: position_type /Applications/MAMP/htdocs/job/zhaopin-php/Application/Home/Controller/JobController.class.php 第 56 行.
NOTIC: [8] Undefined index: job_type /Applications/MAMP/htdocs/job/zhaopin-php/Application/Home/Controller/JobController.class.php 第 59 行.
NOTIC: [8] Undefined index: key_words /Applications/MAMP/htdocs/job/zhaopin-php/Application/Home/Controller/JobController.class.php 第 62 行.
SQL: SELECT * FROM `article` WHERE `is_show` = 1  [ RunTime:0.0291s ]

[ 2020-05-10T14:46:47+08:00 ] ::1 /home/job/JobInfoList?key_words=aaa
INFO: [ app_init ] --START--
INFO: Run Behavior\BuildLiteBehavior [ RunTime:0.000016s ]
INFO: [ app_init ] --END-- [ RunTime:0.000989s ]
INFO: [ app_begin ] --START--
INFO: Run Behavior\ReadHtmlCacheBehavior [ RunTime:0.001353s ]
INFO: [ app_begin ] --END-- [ RunTime:0.001421s ]
NOTIC: [2] Missing argument 1 for I(), called in /Applications/MAMP/htdocs/job/zhaopin-php/Application/Home/Controller/JobController.class.php on line 45 and defined /Applications/MAMP/htdocs/job/zhaopin-php/ThinkPHP/Common/functions.php 第 303 行.
NOTIC: [8] Undefined variable: name /Applications/MAMP/htdocs/job/zhaopin-php/ThinkPHP/Common/functions.php 第 306 行.
NOTIC: [8] Undefined variable: name /Applications/MAMP/htdocs/job/zhaopin-php/ThinkPHP/Common/functions.php 第 313 行.
NOTIC: [8] Undefined variable: name /Applications/MAMP/htdocs/job/zhaopin-php/ThinkPHP/Common/functions.php 第 376 行.
SQL: SHOW COLUMNS FROM `article` [ RunTime:0.0285s ]
NOTIC: [8] Undefined index: city /Applications/MAMP/htdocs/job/zhaopin-php/Application/Home/Controller/JobController.class.php 第 53 行.
NOTIC: [8] Undefined index: position_type /Applications/MAMP/htdocs/job/zhaopin-php/Application/Home/Controller/JobController.class.php 第 56 行.
NOTIC: [8] Undefined index: job_type /Applications/MAMP/htdocs/job/zhaopin-php/Application/Home/Controller/JobController.class.php 第 59 行.
SQL: SELECT * FROM `article` WHERE `is_show` = 1 AND (  `title` LIKE '%aaa%' OR `position_des` LIKE '%aaa%' OR `position_claim` LIKE '%aaa%' )  [ RunTime:0.0287s ]

[ 2020-05-10T15:01:43+08:00 ] ::1 /home/job/JobInfoList?key_words=aaa
INFO: [ app_init ] --START--
INFO: Run Behavior\BuildLiteBehavior [ RunTime:0.000030s ]
INFO: [ app_init ] --END-- [ RunTime:0.002222s ]
INFO: [ app_begin ] --START--
INFO: Run Behavior\ReadHtmlCacheBehavior [ RunTime:0.001283s ]
INFO: [ app_begin ] --END-- [ RunTime:0.001356s ]
NOTIC: [2] Missing argument 1 for I(), called in /Applications/MAMP/htdocs/job/zhaopin-php/Application/Home/Controller/JobController.class.php on line 45 and defined /Applications/MAMP/htdocs/job/zhaopin-php/ThinkPHP/Common/functions.php 第 303 行.
NOTIC: [8] Undefined variable: name /Applications/MAMP/htdocs/job/zhaopin-php/ThinkPHP/Common/functions.php 第 306 行.
NOTIC: [8] Undefined variable: name /Applications/MAMP/htdocs/job/zhaopin-php/ThinkPHP/Common/functions.php 第 313 行.
NOTIC: [8] Undefined variable: name /Applications/MAMP/htdocs/job/zhaopin-php/ThinkPHP/Common/functions.php 第 376 行.
SQL: SHOW COLUMNS FROM `article` [ RunTime:0.0313s ]
SQL: SHOW COLUMNS FROM `dict_value` [ RunTime:0.0290s ]
NOTIC: [8] Undefined index: page /Applications/MAMP/htdocs/job/zhaopin-php/Application/Home/Controller/JobController.class.php 第 53 行.
NOTIC: [8] Undefined index: limit /Applications/MAMP/htdocs/job/zhaopin-php/Application/Home/Controller/JobController.class.php 第 55 行.
SQL: SELECT * FROM `dict_value` WHERE ( 1=1 )  [ RunTime:0.0289s ]
NOTIC: [8] Undefined index: city /Applications/MAMP/htdocs/job/zhaopin-php/Application/Home/Controller/JobController.class.php 第 66 行.
NOTIC: [8] Undefined index: position_type /Applications/MAMP/htdocs/job/zhaopin-php/Application/Home/Controller/JobController.class.php 第 69 行.
NOTIC: [8] Undefined index: job_type /Applications/MAMP/htdocs/job/zhaopin-php/Application/Home/Controller/JobController.class.php 第 72 行.
SQL: SELECT COUNT(*) AS tp_count FROM `article` WHERE `is_show` = 1 AND (  `title` LIKE '%aaa%' OR `position_des` LIKE '%aaa%' OR `position_claim` LIKE '%aaa%' ) LIMIT 1   [ RunTime:0.0283s ]
SQL: SELECT * FROM `article` WHERE `is_show` = 1 AND (  `title` LIKE '%aaa%' OR `position_des` LIKE '%aaa%' OR `position_claim` LIKE '%aaa%' ) LIMIT 0,10   [ RunTime:0.0287s ]

[ 2020-05-10T15:08:09+08:00 ] ::1 /home/job/JobInfoList?key_words=aaa
INFO: [ app_init ] --START--
INFO: Run Behavior\BuildLiteBehavior [ RunTime:0.000019s ]
INFO: [ app_init ] --END-- [ RunTime:0.007817s ]
INFO: [ app_begin ] --START--
INFO: Run Behavior\ReadHtmlCacheBehavior [ RunTime:0.004644s ]
INFO: [ app_begin ] --END-- [ RunTime:0.004746s ]
NOTIC: [2] Missing argument 1 for I(), called in /Applications/MAMP/htdocs/job/zhaopin-php/Application/Home/Controller/JobController.class.php on line 45 and defined /Applications/MAMP/htdocs/job/zhaopin-php/ThinkPHP/Common/functions.php 第 303 行.
NOTIC: [8] Undefined variable: name /Applications/MAMP/htdocs/job/zhaopin-php/ThinkPHP/Common/functions.php 第 306 行.
NOTIC: [8] Undefined variable: name /Applications/MAMP/htdocs/job/zhaopin-php/ThinkPHP/Common/functions.php 第 313 行.
NOTIC: [8] Undefined variable: name /Applications/MAMP/htdocs/job/zhaopin-php/ThinkPHP/Common/functions.php 第 376 行.
SQL: SHOW COLUMNS FROM `article` [ RunTime:0.0306s ]
SQL: SHOW COLUMNS FROM `dict_value` [ RunTime:0.0278s ]
NOTIC: [8] Undefined index: page /Applications/MAMP/htdocs/job/zhaopin-php/Application/Home/Controller/JobController.class.php 第 53 行.
NOTIC: [8] Undefined index: limit /Applications/MAMP/htdocs/job/zhaopin-php/Application/Home/Controller/JobController.class.php 第 55 行.
SQL: SELECT * FROM `dict_value` WHERE ( 1=1 )  [ RunTime:0.0272s ]
NOTIC: [8] Undefined index: city /Applications/MAMP/htdocs/job/zhaopin-php/Application/Home/Controller/JobController.class.php 第 66 行.
NOTIC: [8] Undefined index: position_type /Applications/MAMP/htdocs/job/zhaopin-php/Application/Home/Controller/JobController.class.php 第 69 行.
NOTIC: [8] Undefined index: job_type /Applications/MAMP/htdocs/job/zhaopin-php/Application/Home/Controller/JobController.class.php 第 72 行.
SQL: SELECT COUNT(*) AS tp_count FROM `article` WHERE `is_show` = 1 AND (  `title` LIKE '%aaa%' OR `position_des` LIKE '%aaa%' OR `position_claim` LIKE '%aaa%' ) LIMIT 1   [ RunTime:0.0273s ]
SQL: SELECT * FROM `article` WHERE `is_show` = 1 AND (  `title` LIKE '%aaa%' OR `position_des` LIKE '%aaa%' OR `position_claim` LIKE '%aaa%' ) LIMIT 0,10   [ RunTime:0.0300s ]

[ 2020-05-10T15:08:11+08:00 ] ::1 /home/job/JobInfoList?key_words=aaa
INFO: [ app_init ] --START--
INFO: Run Behavior\BuildLiteBehavior [ RunTime:0.000013s ]
INFO: [ app_init ] --END-- [ RunTime:0.000304s ]
INFO: [ app_begin ] --START--
INFO: Run Behavior\ReadHtmlCacheBehavior [ RunTime:0.000531s ]
INFO: [ app_begin ] --END-- [ RunTime:0.000585s ]
NOTIC: [2] Missing argument 1 for I(), called in /Applications/MAMP/htdocs/job/zhaopin-php/Application/Home/Controller/JobController.class.php on line 45 and defined /Applications/MAMP/htdocs/job/zhaopin-php/ThinkPHP/Common/functions.php 第 303 行.
NOTIC: [8] Undefined variable: name /Applications/MAMP/htdocs/job/zhaopin-php/ThinkPHP/Common/functions.php 第 306 行.
NOTIC: [8] Undefined variable: name /Applications/MAMP/htdocs/job/zhaopin-php/ThinkPHP/Common/functions.php 第 313 行.
NOTIC: [8] Undefined variable: name /Applications/MAMP/htdocs/job/zhaopin-php/ThinkPHP/Common/functions.php 第 376 行.
SQL: SHOW COLUMNS FROM `article` [ RunTime:0.0302s ]
SQL: SHOW COLUMNS FROM `dict_value` [ RunTime:0.0294s ]
NOTIC: [8] Undefined index: page /Applications/MAMP/htdocs/job/zhaopin-php/Application/Home/Controller/JobController.class.php 第 53 行.
NOTIC: [8] Undefined index: limit /Applications/MAMP/htdocs/job/zhaopin-php/Application/Home/Controller/JobController.class.php 第 55 行.
SQL: SELECT * FROM `dict_value` WHERE ( 1=1 )  [ RunTime:0.0290s ]
NOTIC: [8] Undefined index: city /Applications/MAMP/htdocs/job/zhaopin-php/Application/Home/Controller/JobController.class.php 第 66 行.
NOTIC: [8] Undefined index: position_type /Applications/MAMP/htdocs/job/zhaopin-php/Application/Home/Controller/JobController.class.php 第 69 行.
NOTIC: [8] Undefined index: job_type /Applications/MAMP/htdocs/job/zhaopin-php/Application/Home/Controller/JobController.class.php 第 72 行.
SQL: SELECT COUNT(*) AS tp_count FROM `article` WHERE `is_show` = 1 AND (  `title` LIKE '%aaa%' OR `position_des` LIKE '%aaa%' OR `position_claim` LIKE '%aaa%' ) LIMIT 1   [ RunTime:0.0288s ]
SQL: SELECT * FROM `article` WHERE `is_show` = 1 AND (  `title` LIKE '%aaa%' OR `position_des` LIKE '%aaa%' OR `position_claim` LIKE '%aaa%' ) LIMIT 0,10   [ RunTime:0.0290s ]

[ 2020-05-10T15:08:20+08:00 ] ::1 /home/job/JobInfoList?key_words=%E6%B5%8B%E8%AF%95
INFO: [ app_init ] --START--
INFO: Run Behavior\BuildLiteBehavior [ RunTime:0.000014s ]
INFO: [ app_init ] --END-- [ RunTime:0.005533s ]
INFO: [ app_begin ] --START--
INFO: Run Behavior\ReadHtmlCacheBehavior [ RunTime:0.001100s ]
INFO: [ app_begin ] --END-- [ RunTime:0.001204s ]
NOTIC: [2] Missing argument 1 for I(), called in /Applications/MAMP/htdocs/job/zhaopin-php/Application/Home/Controller/JobController.class.php on line 45 and defined /Applications/MAMP/htdocs/job/zhaopin-php/ThinkPHP/Common/functions.php 第 303 行.
NOTIC: [8] Undefined variable: name /Applications/MAMP/htdocs/job/zhaopin-php/ThinkPHP/Common/functions.php 第 306 行.
NOTIC: [8] Undefined variable: name /Applications/MAMP/htdocs/job/zhaopin-php/ThinkPHP/Common/functions.php 第 313 行.
NOTIC: [8] Undefined variable: name /Applications/MAMP/htdocs/job/zhaopin-php/ThinkPHP/Common/functions.php 第 376 行.
SQL: SHOW COLUMNS FROM `article` [ RunTime:0.0272s ]
SQL: SHOW COLUMNS FROM `dict_value` [ RunTime:0.0288s ]
NOTIC: [8] Undefined index: page /Applications/MAMP/htdocs/job/zhaopin-php/Application/Home/Controller/JobController.class.php 第 53 行.
NOTIC: [8] Undefined index: limit /Applications/MAMP/htdocs/job/zhaopin-php/Application/Home/Controller/JobController.class.php 第 55 行.
SQL: SELECT * FROM `dict_value` WHERE ( 1=1 )  [ RunTime:0.0292s ]
NOTIC: [8] Undefined index: city /Applications/MAMP/htdocs/job/zhaopin-php/Application/Home/Controller/JobController.class.php 第 66 行.
NOTIC: [8] Undefined index: position_type /Applications/MAMP/htdocs/job/zhaopin-php/Application/Home/Controller/JobController.class.php 第 69 行.
NOTIC: [8] Undefined index: job_type /Applications/MAMP/htdocs/job/zhaopin-php/Application/Home/Controller/JobController.class.php 第 72 行.
SQL: SELECT COUNT(*) AS tp_count FROM `article` WHERE `is_show` = 1 AND (  `title` LIKE '%测试%' OR `position_des` LIKE '%测试%' OR `position_claim` LIKE '%测试%' ) LIMIT 1   [ RunTime:0.0282s ]
SQL: SELECT * FROM `article` WHERE `is_show` = 1 AND (  `title` LIKE '%测试%' OR `position_des` LIKE '%测试%' OR `position_claim` LIKE '%测试%' ) LIMIT 0,10   [ RunTime:0.0294s ]

[ 2020-05-10T15:09:14+08:00 ] ::1 /home/job/JobInfoList?key_words=%E6%B5%8B%E8%AF%95
INFO: [ app_init ] --START--
INFO: Run Behavior\BuildLiteBehavior [ RunTime:0.000014s ]
INFO: [ app_init ] --END-- [ RunTime:0.001578s ]
INFO: [ app_begin ] --START--
INFO: Run Behavior\ReadHtmlCacheBehavior [ RunTime:0.001093s ]
INFO: [ app_begin ] --END-- [ RunTime:0.001187s ]
NOTIC: [2] Missing argument 1 for I(), called in /Applications/MAMP/htdocs/job/zhaopin-php/Application/Home/Controller/JobController.class.php on line 45 and defined /Applications/MAMP/htdocs/job/zhaopin-php/ThinkPHP/Common/functions.php 第 303 行.
NOTIC: [8] Undefined variable: name /Applications/MAMP/htdocs/job/zhaopin-php/ThinkPHP/Common/functions.php 第 306 行.
NOTIC: [8] Undefined variable: name /Applications/MAMP/htdocs/job/zhaopin-php/ThinkPHP/Common/functions.php 第 313 行.
NOTIC: [8] Undefined variable: name /Applications/MAMP/htdocs/job/zhaopin-php/ThinkPHP/Common/functions.php 第 376 行.
SQL: SHOW COLUMNS FROM `article` [ RunTime:0.0313s ]
SQL: SHOW COLUMNS FROM `dict_value` [ RunTime:0.0317s ]
NOTIC: [8] Undefined index: page /Applications/MAMP/htdocs/job/zhaopin-php/Application/Home/Controller/JobController.class.php 第 53 行.
NOTIC: [8] Undefined index: limit /Applications/MAMP/htdocs/job/zhaopin-php/Application/Home/Controller/JobController.class.php 第 55 行.
SQL: SELECT * FROM `dict_value` WHERE ( 1=1 )  [ RunTime:0.0308s ]
NOTIC: [8] Undefined index: city /Applications/MAMP/htdocs/job/zhaopin-php/Application/Home/Controller/JobController.class.php 第 66 行.
NOTIC: [8] Undefined index: position_type /Applications/MAMP/htdocs/job/zhaopin-php/Application/Home/Controller/JobController.class.php 第 69 行.
NOTIC: [8] Undefined index: job_type /Applications/MAMP/htdocs/job/zhaopin-php/Application/Home/Controller/JobController.class.php 第 72 行.
SQL: SELECT COUNT(*) AS tp_count FROM `article` WHERE `is_show` = 1 AND (  `title` LIKE '%测试%' OR `position_des` LIKE '%测试%' OR `position_claim` LIKE '%测试%' ) LIMIT 1   [ RunTime:0.0308s ]
SQL: SELECT * FROM `article` WHERE `is_show` = 1 AND (  `title` LIKE '%测试%' OR `position_des` LIKE '%测试%' OR `position_claim` LIKE '%测试%' ) LIMIT 0,10   [ RunTime:0.0333s ]

[ 2020-05-10T15:09:31+08:00 ] ::1 /home/job/JobInfoList?key_words=%E6%B5%8B%E8%AF%95
INFO: [ app_init ] --START--
INFO: Run Behavior\BuildLiteBehavior [ RunTime:0.000020s ]
INFO: [ app_init ] --END-- [ RunTime:0.002001s ]
INFO: [ app_begin ] --START--
INFO: Run Behavior\ReadHtmlCacheBehavior [ RunTime:0.001959s ]
INFO: [ app_begin ] --END-- [ RunTime:0.002517s ]
NOTIC: [2] Missing argument 1 for I(), called in /Applications/MAMP/htdocs/job/zhaopin-php/Application/Home/Controller/JobController.class.php on line 45 and defined /Applications/MAMP/htdocs/job/zhaopin-php/ThinkPHP/Common/functions.php 第 303 行.
NOTIC: [8] Undefined variable: name /Applications/MAMP/htdocs/job/zhaopin-php/ThinkPHP/Common/functions.php 第 306 行.
NOTIC: [8] Undefined variable: name /Applications/MAMP/htdocs/job/zhaopin-php/ThinkPHP/Common/functions.php 第 313 行.
NOTIC: [8] Undefined variable: name /Applications/MAMP/htdocs/job/zhaopin-php/ThinkPHP/Common/functions.php 第 376 行.
SQL: SHOW COLUMNS FROM `article` [ RunTime:0.0288s ]
SQL: SHOW COLUMNS FROM `dict_value` [ RunTime:0.0280s ]
NOTIC: [8] Undefined index: page /Applications/MAMP/htdocs/job/zhaopin-php/Application/Home/Controller/JobController.class.php 第 53 行.
NOTIC: [8] Undefined index: limit /Applications/MAMP/htdocs/job/zhaopin-php/Application/Home/Controller/JobController.class.php 第 55 行.
SQL: SELECT * FROM `dict_value` WHERE ( 1=1 )  [ RunTime:0.0276s ]
NOTIC: [8] Undefined index: city /Applications/MAMP/htdocs/job/zhaopin-php/Application/Home/Controller/JobController.class.php 第 66 行.
NOTIC: [8] Undefined index: position_type /Applications/MAMP/htdocs/job/zhaopin-php/Application/Home/Controller/JobController.class.php 第 69 行.
NOTIC: [8] Undefined index: job_type /Applications/MAMP/htdocs/job/zhaopin-php/Application/Home/Controller/JobController.class.php 第 72 行.
SQL: SELECT COUNT(*) AS tp_count FROM `article` WHERE `is_show` = 1 AND (  `title` LIKE '%测试%' OR `position_des` LIKE '%测试%' OR `position_claim` LIKE '%测试%' ) LIMIT 1   [ RunTime:0.0275s ]
SQL: SELECT * FROM `article` WHERE `is_show` = 1 AND (  `title` LIKE '%测试%' OR `position_des` LIKE '%测试%' OR `position_claim` LIKE '%测试%' ) LIMIT 0,10   [ RunTime:0.0291s ]

[ 2020-05-10T15:11:57+08:00 ] ::1 /home/job/JobInfoList
INFO: [ app_init ] --START--
INFO: Run Behavior\BuildLiteBehavior [ RunTime:0.000017s ]
INFO: [ app_init ] --END-- [ RunTime:0.001436s ]
INFO: [ app_begin ] --START--
INFO: Run Behavior\ReadHtmlCacheBehavior [ RunTime:0.001260s ]
INFO: [ app_begin ] --END-- [ RunTime:0.001350s ]
NOTIC: [2] Missing argument 1 for I(), called in /Applications/MAMP/htdocs/job/zhaopin-php/Application/Home/Controller/JobController.class.php on line 45 and defined /Applications/MAMP/htdocs/job/zhaopin-php/ThinkPHP/Common/functions.php 第 303 行.
NOTIC: [8] Undefined variable: name /Applications/MAMP/htdocs/job/zhaopin-php/ThinkPHP/Common/functions.php 第 306 行.
NOTIC: [8] Undefined variable: name /Applications/MAMP/htdocs/job/zhaopin-php/ThinkPHP/Common/functions.php 第 313 行.
NOTIC: [8] Undefined variable: name /Applications/MAMP/htdocs/job/zhaopin-php/ThinkPHP/Common/functions.php 第 376 行.
SQL: SHOW COLUMNS FROM `article` [ RunTime:0.0323s ]
SQL: SHOW COLUMNS FROM `dict_value` [ RunTime:0.0314s ]
SQL: SELECT * FROM `dict_value` WHERE ( 1=1 )  [ RunTime:0.0304s ]
SQL: SELECT COUNT(*) AS tp_count FROM `article` WHERE `is_show` = 1 AND `city` = 1 AND `position_type` = 5 AND `job_type` = 4 AND (  `title` LIKE '%测试%' OR `position_des` LIKE '%测试%' OR `position_claim` LIKE '%测试%' ) LIMIT 1   [ RunTime:0.0311s ]
SQL: SELECT * FROM `article` WHERE `is_show` = 1 AND `city` = 1 AND `position_type` = 5 AND `job_type` = 4 AND (  `title` LIKE '%测试%' OR `position_des` LIKE '%测试%' OR `position_claim` LIKE '%测试%' ) LIMIT 0,10   [ RunTime:0.0331s ]

[ 2020-05-10T15:12:10+08:00 ] ::1 /home/job/JobInfoList
INFO: [ app_init ] --START--
INFO: Run Behavior\BuildLiteBehavior [ RunTime:0.000054s ]
INFO: [ app_init ] --END-- [ RunTime:0.003319s ]
INFO: [ app_begin ] --START--
INFO: Run Behavior\ReadHtmlCacheBehavior [ RunTime:0.000888s ]
INFO: [ app_begin ] --END-- [ RunTime:0.001038s ]
NOTIC: [2] Missing argument 1 for I(), called in /Applications/MAMP/htdocs/job/zhaopin-php/Application/Home/Controller/JobController.class.php on line 45 and defined /Applications/MAMP/htdocs/job/zhaopin-php/ThinkPHP/Common/functions.php 第 303 行.
NOTIC: [8] Undefined variable: name /Applications/MAMP/htdocs/job/zhaopin-php/ThinkPHP/Common/functions.php 第 306 行.
NOTIC: [8] Undefined variable: name /Applications/MAMP/htdocs/job/zhaopin-php/ThinkPHP/Common/functions.php 第 313 行.
NOTIC: [8] Undefined variable: name /Applications/MAMP/htdocs/job/zhaopin-php/ThinkPHP/Common/functions.php 第 376 行.
SQL: SHOW COLUMNS FROM `article` [ RunTime:0.0291s ]
SQL: SHOW COLUMNS FROM `dict_value` [ RunTime:0.0296s ]
SQL: SELECT * FROM `dict_value` WHERE ( 1=1 )  [ RunTime:0.0288s ]
SQL: SELECT COUNT(*) AS tp_count FROM `article` WHERE `is_show` = 1 AND `city` = 1 AND `position_type` = 5 AND `job_type` = 4 AND (  `title` LIKE '%测试%' OR `position_des` LIKE '%测试%' OR `position_claim` LIKE '%测试%' ) LIMIT 1   [ RunTime:0.0287s ]
SQL: SELECT * FROM `article` WHERE `is_show` = 1 AND `city` = 1 AND `position_type` = 5 AND `job_type` = 4 AND (  `title` LIKE '%测试%' OR `position_des` LIKE '%测试%' OR `position_claim` LIKE '%测试%' ) LIMIT 0,2   [ RunTime:0.0300s ]

[ 2020-05-10T15:32:19+08:00 ] ::1 /home/job/jobView?id=1
INFO: [ app_init ] --START--
INFO: Run Behavior\BuildLiteBehavior [ RunTime:0.000044s ]
INFO: [ app_init ] --END-- [ RunTime:0.002109s ]
INFO: [ app_begin ] --START--
INFO: Run Behavior\ReadHtmlCacheBehavior [ RunTime:0.001177s ]
INFO: [ app_begin ] --END-- [ RunTime:0.001302s ]
NOTIC: [2] Missing argument 1 for I(), called in /Applications/MAMP/htdocs/job/zhaopin-php/Application/Home/Controller/JobController.class.php on line 108 and defined /Applications/MAMP/htdocs/job/zhaopin-php/ThinkPHP/Common/functions.php 第 303 行.
NOTIC: [8] Undefined variable: name /Applications/MAMP/htdocs/job/zhaopin-php/ThinkPHP/Common/functions.php 第 306 行.
NOTIC: [8] Undefined variable: name /Applications/MAMP/htdocs/job/zhaopin-php/ThinkPHP/Common/functions.php 第 313 行.
NOTIC: [8] Undefined variable: name /Applications/MAMP/htdocs/job/zhaopin-php/ThinkPHP/Common/functions.php 第 376 行.
SQL: SHOW COLUMNS FROM `dict_value` [ RunTime:0.0307s ]
SQL: SELECT * FROM `dict_value` WHERE ( 1=1 )  [ RunTime:0.0301s ]
SQL: SHOW COLUMNS FROM `article` [ RunTime:0.0307s ]
SQL: SELECT * FROM `article` WHERE `is_show` = 1 AND `id` = 1 LIMIT 1   [ RunTime:0.0306s ]

[ 2020-05-10T15:32:33+08:00 ] ::1 /home/job/jobView?id=1
INFO: [ app_init ] --START--
INFO: Run Behavior\BuildLiteBehavior [ RunTime:0.000015s ]
INFO: [ app_init ] --END-- [ RunTime:0.000550s ]
INFO: [ app_begin ] --START--
INFO: Run Behavior\ReadHtmlCacheBehavior [ RunTime:0.001303s ]
INFO: [ app_begin ] --END-- [ RunTime:0.001372s ]
NOTIC: [2] Missing argument 1 for I(), called in /Applications/MAMP/htdocs/job/zhaopin-php/Application/Home/Controller/JobController.class.php on line 108 and defined /Applications/MAMP/htdocs/job/zhaopin-php/ThinkPHP/Common/functions.php 第 303 行.
NOTIC: [8] Undefined variable: name /Applications/MAMP/htdocs/job/zhaopin-php/ThinkPHP/Common/functions.php 第 306 行.
NOTIC: [8] Undefined variable: name /Applications/MAMP/htdocs/job/zhaopin-php/ThinkPHP/Common/functions.php 第 313 行.
NOTIC: [8] Undefined variable: name /Applications/MAMP/htdocs/job/zhaopin-php/ThinkPHP/Common/functions.php 第 376 行.
SQL: SHOW COLUMNS FROM `dict_value` [ RunTime:0.0297s ]
SQL: SELECT * FROM `dict_value` WHERE ( 1=1 )  [ RunTime:0.0278s ]
SQL: SHOW COLUMNS FROM `article` [ RunTime:0.0297s ]
SQL: SELECT * FROM `article` WHERE `is_show` = 1 AND `id` = 1 LIMIT 1   [ RunTime:0.0328s ]

[ 2020-05-10T16:20:28+08:00 ] ::1 /home/job/sendMail
INFO: [ app_init ] --START--
INFO: Run Behavior\BuildLiteBehavior [ RunTime:0.000026s ]
INFO: [ app_init ] --END-- [ RunTime:0.003035s ]
INFO: [ app_begin ] --START--
INFO: Run Behavior\ReadHtmlCacheBehavior [ RunTime:0.002371s ]
INFO: [ app_begin ] --END-- [ RunTime:0.002493s ]

[ 2020-05-10T16:27:45+08:00 ] ::1 /home/job/sendMail
INFO: [ app_init ] --START--
INFO: Run Behavior\BuildLiteBehavior [ RunTime:0.000019s ]
INFO: [ app_init ] --END-- [ RunTime:0.001225s ]
INFO: [ app_begin ] --START--
INFO: Run Behavior\ReadHtmlCacheBehavior [ RunTime:0.001265s ]
INFO: [ app_begin ] --END-- [ RunTime:0.001334s ]

[ 2020-05-10T16:27:55+08:00 ] ::1 /home/job/sendMail
INFO: [ app_init ] --START--
INFO: Run Behavior\BuildLiteBehavior [ RunTime:0.000019s ]
INFO: [ app_init ] --END-- [ RunTime:0.001183s ]
INFO: [ app_begin ] --START--
INFO: Run Behavior\ReadHtmlCacheBehavior [ RunTime:0.001239s ]
INFO: [ app_begin ] --END-- [ RunTime:0.001307s ]

[ 2020-05-10T16:27:57+08:00 ] ::1 /home/job/sendMail
INFO: [ app_init ] --START--
INFO: Run Behavior\BuildLiteBehavior [ RunTime:0.000024s ]
INFO: [ app_init ] --END-- [ RunTime:0.001056s ]
INFO: [ app_begin ] --START--
INFO: Run Behavior\ReadHtmlCacheBehavior [ RunTime:0.000910s ]
INFO: [ app_begin ] --END-- [ RunTime:0.001367s ]

[ 2020-05-10T16:28:05+08:00 ] ::1 /home/job/sendMail
INFO: [ app_init ] --START--
INFO: Run Behavior\BuildLiteBehavior [ RunTime:0.000023s ]
INFO: [ app_init ] --END-- [ RunTime:0.000593s ]
INFO: [ app_begin ] --START--
INFO: Run Behavior\ReadHtmlCacheBehavior [ RunTime:0.000769s ]
INFO: [ app_begin ] --END-- [ RunTime:0.000825s ]

[ 2020-05-10T16:28:06+08:00 ] ::1 /home/job/sendMail
INFO: [ app_init ] --START--
INFO: Run Behavior\BuildLiteBehavior [ RunTime:0.000019s ]
INFO: [ app_init ] --END-- [ RunTime:0.000467s ]
INFO: [ app_begin ] --START--
INFO: Run Behavior\ReadHtmlCacheBehavior [ RunTime:0.000954s ]
INFO: [ app_begin ] --END-- [ RunTime:0.001026s ]

[ 2020-05-10T16:28:06+08:00 ] ::1 /home/job/sendMail
INFO: [ app_init ] --START--
INFO: Run Behavior\BuildLiteBehavior [ RunTime:0.000014s ]
INFO: [ app_init ] --END-- [ RunTime:0.000798s ]
INFO: [ app_begin ] --START--
INFO: Run Behavior\ReadHtmlCacheBehavior [ RunTime:0.000648s ]
INFO: [ app_begin ] --END-- [ RunTime:0.000802s ]

[ 2020-05-10T16:28:50+08:00 ] ::1 /home/job/sendMail
INFO: [ app_init ] --START--
INFO: Run Behavior\BuildLiteBehavior [ RunTime:0.000020s ]
INFO: [ app_init ] --END-- [ RunTime:0.000879s ]
INFO: [ app_begin ] --START--
INFO: Run Behavior\ReadHtmlCacheBehavior [ RunTime:0.001189s ]
INFO: [ app_begin ] --END-- [ RunTime:0.001367s ]
ERR: 参数错误或者未定义:to

[ 2020-05-10T16:32:33+08:00 ] ::1 /home/job/sendMail
INFO: [ app_init ] --START--
INFO: Run Behavior\BuildLiteBehavior [ RunTime:0.000016s ]
INFO: [ app_init ] --END-- [ RunTime:0.001290s ]
INFO: [ app_begin ] --START--
INFO: Run Behavior\ReadHtmlCacheBehavior [ RunTime:0.010003s ]
INFO: [ app_begin ] --END-- [ RunTime:0.010098s ]

[ 2020-05-10T16:33:22+08:00 ] ::1 /home/job/sendMail
INFO: [ app_init ] --START--
INFO: Run Behavior\BuildLiteBehavior [ RunTime:0.000015s ]
INFO: [ app_init ] --END-- [ RunTime:0.001073s ]
INFO: [ app_begin ] --START--
INFO: Run Behavior\ReadHtmlCacheBehavior [ RunTime:0.010763s ]
INFO: [ app_begin ] --END-- [ RunTime:0.013081s ]

[ 2020-05-10T16:33:23+08:00 ] ::1 /home/job/sendMail
INFO: [ app_init ] --START--
INFO: Run Behavior\BuildLiteBehavior [ RunTime:0.000051s ]
INFO: [ app_init ] --END-- [ RunTime:0.001153s ]
INFO: [ app_begin ] --START--
INFO: Run Behavior\ReadHtmlCacheBehavior [ RunTime:0.002182s ]
INFO: [ app_begin ] --END-- [ RunTime:0.002335s ]

[ 2020-05-10T16:33:32+08:00 ] ::1 /home/job/sendMail
INFO: [ app_init ] --START--
INFO: Run Behavior\BuildLiteBehavior [ RunTime:0.000013s ]
INFO: [ app_init ] --END-- [ RunTime:0.000422s ]
INFO: [ app_begin ] --START--
INFO: Run Behavior\ReadHtmlCacheBehavior [ RunTime:0.006975s ]
INFO: [ app_begin ] --END-- [ RunTime:0.007968s ]

[ 2020-05-10T16:33:50+08:00 ] ::1 /home/job/sendMail
INFO: [ app_init ] --START--
INFO: Run Behavior\BuildLiteBehavior [ RunTime:0.000019s ]
INFO: [ app_init ] --END-- [ RunTime:0.000969s ]
INFO: [ app_begin ] --START--
INFO: Run Behavior\ReadHtmlCacheBehavior [ RunTime:0.003095s ]
INFO: [ app_begin ] --END-- [ RunTime:0.003182s ]

[ 2020-05-10T16:33:51+08:00 ] ::1 /home/job/sendMail
INFO: [ app_init ] --START--
INFO: Run Behavior\BuildLiteBehavior [ RunTime:0.000019s ]
INFO: [ app_init ] --END-- [ RunTime:0.002271s ]
INFO: [ app_begin ] --START--
INFO: Run Behavior\ReadHtmlCacheBehavior [ RunTime:0.006948s ]
INFO: [ app_begin ] --END-- [ RunTime:0.007039s ]

[ 2020-05-10T16:34:48+08:00 ] ::1 /home/job/sendMail
INFO: [ app_init ] --START--
INFO: Run Behavior\BuildLiteBehavior [ RunTime:0.000015s ]
INFO: [ app_init ] --END-- [ RunTime:0.000778s ]
INFO: [ app_begin ] --START--
INFO: Run Behavior\ReadHtmlCacheBehavior [ RunTime:0.003258s ]
INFO: [ app_begin ] --END-- [ RunTime:0.003510s ]

[ 2020-05-10T16:34:49+08:00 ] ::1 /home/job/sendMail
INFO: [ app_init ] --START--
INFO: Run Behavior\BuildLiteBehavior [ RunTime:0.000013s ]
INFO: [ app_init ] --END-- [ RunTime:0.000566s ]
INFO: [ app_begin ] --START--
INFO: Run Behavior\ReadHtmlCacheBehavior [ RunTime:0.001573s ]
INFO: [ app_begin ] --END-- [ RunTime:0.001660s ]

[ 2020-05-10T16:34:50+08:00 ] ::1 /home/job/sendMail
INFO: [ app_init ] --START--
INFO: Run Behavior\BuildLiteBehavior [ RunTime:0.000018s ]
INFO: [ app_init ] --END-- [ RunTime:0.000469s ]
INFO: [ app_begin ] --START--
INFO: Run Behavior\ReadHtmlCacheBehavior [ RunTime:0.000403s ]
INFO: [ app_begin ] --END-- [ RunTime:0.000697s ]

[ 2020-05-10T16:34:50+08:00 ] ::1 /home/job/sendMail
INFO: [ app_init ] --START--
INFO: Run Behavior\BuildLiteBehavior [ RunTime:0.000099s ]
INFO: [ app_init ] --END-- [ RunTime:0.001108s ]
INFO: [ app_begin ] --START--
INFO: Run Behavior\ReadHtmlCacheBehavior [ RunTime:0.001717s ]
INFO: [ app_begin ] --END-- [ RunTime:0.002097s ]

[ 2020-05-10T16:36:08+08:00 ] ::1 /home/job/sendMail
INFO: [ app_init ] --START--
INFO: Run Behavior\BuildLiteBehavior [ RunTime:0.000013s ]
INFO: [ app_init ] --END-- [ RunTime:0.000658s ]
INFO: [ app_begin ] --START--
INFO: Run Behavior\ReadHtmlCacheBehavior [ RunTime:0.001130s ]
INFO: [ app_begin ] --END-- [ RunTime:0.001225s ]

[ 2020-05-10T16:36:09+08:00 ] ::1 /home/job/sendMail
INFO: [ app_init ] --START--
INFO: Run Behavior\BuildLiteBehavior [ RunTime:0.000022s ]
INFO: [ app_init ] --END-- [ RunTime:0.000800s ]
INFO: [ app_begin ] --START--
INFO: Run Behavior\ReadHtmlCacheBehavior [ RunTime:0.000996s ]
INFO: [ app_begin ] --END-- [ RunTime:0.001054s ]

[ 2020-05-10T16:36:31+08:00 ] ::1 /home/job/sendMail
INFO: [ app_init ] --START--
INFO: Run Behavior\BuildLiteBehavior [ RunTime:0.000012s ]
INFO: [ app_init ] --END-- [ RunTime:0.000295s ]
INFO: [ app_begin ] --START--
INFO: Run Behavior\ReadHtmlCacheBehavior [ RunTime:0.000684s ]
INFO: [ app_begin ] --END-- [ RunTime:0.000729s ]

[ 2020-05-10T16:37:21+08:00 ] ::1 /home/job/sendMail
INFO: [ app_init ] --START--
INFO: Run Behavior\BuildLiteBehavior [ RunTime:0.000016s ]
INFO: [ app_init ] --END-- [ RunTime:0.001265s ]
INFO: [ app_begin ] --START--
INFO: Run Behavior\ReadHtmlCacheBehavior [ RunTime:0.001112s ]
INFO: [ app_begin ] --END-- [ RunTime:0.001181s ]
INFO: [ app_end ] --START--
INFO: Run Behavior\ShowPageTraceBehavior [ RunTime:0.004284s ]
INFO: [ app_end ] --END-- [ RunTime:0.004439s ]

[ 2020-05-10T16:38:36+08:00 ] ::1 /home/job/sendMail
INFO: [ app_init ] --START--
INFO: Run Behavior\BuildLiteBehavior [ RunTime:0.000018s ]
INFO: [ app_init ] --END-- [ RunTime:0.004065s ]
INFO: [ app_begin ] --START--
INFO: Run Behavior\ReadHtmlCacheBehavior [ RunTime:0.001656s ]
INFO: [ app_begin ] --END-- [ RunTime:0.001748s ]

[ 2020-05-10T16:39:39+08:00 ] ::1 /home/job/sendMail
INFO: [ app_init ] --START--
INFO: Run Behavior\BuildLiteBehavior [ RunTime:0.000031s ]
INFO: [ app_init ] --END-- [ RunTime:0.001472s ]
INFO: [ app_begin ] --START--
INFO: Run Behavior\ReadHtmlCacheBehavior [ RunTime:0.003879s ]
INFO: [ app_begin ] --END-- [ RunTime:0.004084s ]

[ 2020-05-10T16:43:57+08:00 ] ::1 /home/job/sendMail
INFO: [ app_init ] --START--
INFO: Run Behavior\BuildLiteBehavior [ RunTime:0.000019s ]
INFO: [ app_init ] --END-- [ RunTime:0.001267s ]
INFO: [ app_begin ] --START--
INFO: Run Behavior\ReadHtmlCacheBehavior [ RunTime:0.001222s ]
INFO: [ app_begin ] --END-- [ RunTime:0.001301s ]

[ 2020-05-10T16:45:32+08:00 ] ::1 /home/job/sendMail
INFO: [ app_init ] --START--
INFO: Run Behavior\BuildLiteBehavior [ RunTime:0.000018s ]
INFO: [ app_init ] --END-- [ RunTime:0.001573s ]
INFO: [ app_begin ] --START--
INFO: Run Behavior\ReadHtmlCacheBehavior [ RunTime:0.001664s ]
INFO: [ app_begin ] --END-- [ RunTime:0.001754s ]

[ 2020-05-10T16:45:33+08:00 ] ::1 /home/job/sendMail
INFO: [ app_init ] --START--
INFO: Run Behavior\BuildLiteBehavior [ RunTime:0.000021s ]
INFO: [ app_init ] --END-- [ RunTime:0.000809s ]
INFO: [ app_begin ] --START--
INFO: Run Behavior\ReadHtmlCacheBehavior [ RunTime:0.001727s ]
INFO: [ app_begin ] --END-- [ RunTime:0.001941s ]

[ 2020-05-10T16:45:39+08:00 ] ::1 /home/job/sendMail
INFO: [ app_init ] --START--
INFO: Run Behavior\BuildLiteBehavior [ RunTime:0.000015s ]
INFO: [ app_init ] --END-- [ RunTime:0.000659s ]
INFO: [ app_begin ] --START--
INFO: Run Behavior\ReadHtmlCacheBehavior [ RunTime:0.000819s ]
INFO: [ app_begin ] --END-- [ RunTime:0.000883s ]

[ 2020-05-10T16:45:41+08:00 ] ::1 /home/job/sendMail
INFO: [ app_init ] --START--
INFO: Run Behavior\BuildLiteBehavior [ RunTime:0.000015s ]
INFO: [ app_init ] --END-- [ RunTime:0.001344s ]
INFO: [ app_begin ] --START--
INFO: Run Behavior\ReadHtmlCacheBehavior [ RunTime:0.001539s ]
INFO: [ app_begin ] --END-- [ RunTime:0.001608s ]

[ 2020-05-10T16:46:39+08:00 ] ::1 /home/job/sendMail
INFO: [ app_init ] --START--
INFO: Run Behavior\BuildLiteBehavior [ RunTime:0.000014s ]
INFO: [ app_init ] --END-- [ RunTime:0.000961s ]
INFO: [ app_begin ] --START--
INFO: Run Behavior\ReadHtmlCacheBehavior [ RunTime:0.016789s ]
INFO: [ app_begin ] --END-- [ RunTime:0.016868s ]

[ 2020-05-10T16:50:06+08:00 ] ::1 /home/job/sendMail
INFO: [ app_init ] --START--
INFO: Run Behavior\BuildLiteBehavior [ RunTime:0.000018s ]
INFO: [ app_init ] --END-- [ RunTime:0.001436s ]
INFO: [ app_begin ] --START--
INFO: Run Behavior\ReadHtmlCacheBehavior [ RunTime:0.003951s ]
INFO: [ app_begin ] --END-- [ RunTime:0.004054s ]

[ 2020-05-10T16:50:07+08:00 ] ::1 /home/job/sendMail
INFO: [ app_init ] --START--
INFO: Run Behavior\BuildLiteBehavior [ RunTime:0.000013s ]
INFO: [ app_init ] --END-- [ RunTime:0.000444s ]
INFO: [ app_begin ] --START--
INFO: Run Behavior\ReadHtmlCacheBehavior [ RunTime:0.000553s ]
INFO: [ app_begin ] --END-- [ RunTime:0.000614s ]

[ 2020-05-10T16:51:50+08:00 ] ::1 /home/job/sendMail
INFO: [ app_init ] --START--
INFO: Run Behavior\BuildLiteBehavior [ RunTime:0.000019s ]
INFO: [ app_init ] --END-- [ RunTime:0.003207s ]
INFO: [ app_begin ] --START--
INFO: Run Behavior\ReadHtmlCacheBehavior [ RunTime:0.003950s ]
INFO: [ app_begin ] --END-- [ RunTime:0.004033s ]

[ 2020-05-10T16:52:49+08:00 ] ::1 /home/job/sendMail
INFO: [ app_init ] --START--
INFO: Run Behavior\BuildLiteBehavior [ RunTime:0.000020s ]
INFO: [ app_init ] --END-- [ RunTime:0.001129s ]
INFO: [ app_begin ] --START--
INFO: Run Behavior\ReadHtmlCacheBehavior [ RunTime:0.001271s ]
INFO: [ app_begin ] --END-- [ RunTime:0.001333s ]

[ 2020-05-10T16:52:49+08:00 ] ::1 /home/job/sendMail
INFO: [ app_init ] --START--
INFO: Run Behavior\BuildLiteBehavior [ RunTime:0.000020s ]
INFO: [ app_init ] --END-- [ RunTime:0.001088s ]
INFO: [ app_begin ] --START--
INFO: Run Behavior\ReadHtmlCacheBehavior [ RunTime:0.001282s ]
INFO: [ app_begin ] --END-- [ RunTime:0.001340s ]

[ 2020-05-10T16:52:57+08:00 ] ::1 /home/job/sendMail
INFO: [ app_init ] --START--
INFO: Run Behavior\BuildLiteBehavior [ RunTime:0.000032s ]
INFO: [ app_init ] --END-- [ RunTime:0.001524s ]
INFO: [ app_begin ] --START--
INFO: Run Behavior\ReadHtmlCacheBehavior [ RunTime:0.000802s ]
INFO: [ app_begin ] --END-- [ RunTime:0.000979s ]

[ 2020-05-10T16:53:15+08:00 ] ::1 /home/job/sendMail
INFO: [ app_init ] --START--
INFO: Run Behavior\BuildLiteBehavior [ RunTime:0.000034s ]
INFO: [ app_init ] --END-- [ RunTime:0.019838s ]
INFO: [ app_begin ] --START--
INFO: Run Behavior\ReadHtmlCacheBehavior [ RunTime:0.007924s ]
INFO: [ app_begin ] --END-- [ RunTime:0.008019s ]

[ 2020-05-10T16:53:16+08:00 ] ::1 /home/job/sendMail
INFO: [ app_init ] --START--
INFO: Run Behavior\BuildLiteBehavior [ RunTime:0.000027s ]
INFO: [ app_init ] --END-- [ RunTime:0.000599s ]
INFO: [ app_begin ] --START--
INFO: Run Behavior\ReadHtmlCacheBehavior [ RunTime:0.001014s ]
INFO: [ app_begin ] --END-- [ RunTime:0.001185s ]

[ 2020-05-10T16:55:59+08:00 ] ::1 /home/job/sendMail
INFO: [ app_init ] --START--
INFO: Run Behavior\BuildLiteBehavior [ RunTime:0.000019s ]
INFO: [ app_init ] --END-- [ RunTime:0.000701s ]
INFO: [ app_begin ] --START--
INFO: Run Behavior\ReadHtmlCacheBehavior [ RunTime:0.001042s ]
INFO: [ app_begin ] --END-- [ RunTime:0.001721s ]

[ 2020-05-10T16:57:32+08:00 ] ::1 /home/job/sendMail
INFO: [ app_init ] --START--
INFO: Run Behavior\BuildLiteBehavior [ RunTime:0.000027s ]
INFO: [ app_init ] --END-- [ RunTime:0.001469s ]
INFO: [ app_begin ] --START--
INFO: Run Behavior\ReadHtmlCacheBehavior [ RunTime:0.000681s ]
INFO: [ app_begin ] --END-- [ RunTime:0.000757s ]

[ 2020-05-10T16:57:34+08:00 ] ::1 /home/job/sendMail
INFO: [ app_init ] --START--
INFO: Run Behavior\BuildLiteBehavior [ RunTime:0.000030s ]
INFO: [ app_init ] --END-- [ RunTime:0.000715s ]
INFO: [ app_begin ] --START--
INFO: Run Behavior\ReadHtmlCacheBehavior [ RunTime:0.000587s ]
INFO: [ app_begin ] --END-- [ RunTime:0.001100s ]

[ 2020-05-10T16:58:17+08:00 ] ::1 /home/job/sendMail
INFO: [ app_init ] --START--
INFO: Run Behavior\BuildLiteBehavior [ RunTime:0.000030s ]
INFO: [ app_init ] --END-- [ RunTime:0.003155s ]
INFO: [ app_begin ] --START--
INFO: Run Behavior\ReadHtmlCacheBehavior [ RunTime:0.001700s ]
INFO: [ app_begin ] --END-- [ RunTime:0.002149s ]

[ 2020-05-10T16:58:18+08:00 ] ::1 /home/job/sendMail
INFO: [ app_init ] --START--
INFO: Run Behavior\BuildLiteBehavior [ RunTime:0.000022s ]
INFO: [ app_init ] --END-- [ RunTime:0.000780s ]
INFO: [ app_begin ] --START--
INFO: Run Behavior\ReadHtmlCacheBehavior [ RunTime:0.000530s ]
INFO: [ app_begin ] --END-- [ RunTime:0.000600s ]

[ 2020-05-10T16:58:52+08:00 ] ::1 /home/job/sendMail
INFO: [ app_init ] --START--
INFO: Run Behavior\BuildLiteBehavior [ RunTime:0.000036s ]
INFO: [ app_init ] --END-- [ RunTime:0.006694s ]
INFO: [ app_begin ] --START--
INFO: Run Behavior\ReadHtmlCacheBehavior [ RunTime:0.004462s ]
INFO: [ app_begin ] --END-- [ RunTime:0.004675s ]

[ 2020-05-10T16:58:53+08:00 ] ::1 /home/job/sendMail
INFO: [ app_init ] --START--
INFO: Run Behavior\BuildLiteBehavior [ RunTime:0.000015s ]
INFO: [ app_init ] --END-- [ RunTime:0.001306s ]
INFO: [ app_begin ] --START--
INFO: Run Behavior\ReadHtmlCacheBehavior [ RunTime:0.000867s ]
INFO: [ app_begin ] --END-- [ RunTime:0.000950s ]

[ 2020-05-10T16:58:54+08:00 ] ::1 /home/job/sendMail
INFO: [ app_init ] --START--
INFO: Run Behavior\BuildLiteBehavior [ RunTime:0.000025s ]
INFO: [ app_init ] --END-- [ RunTime:0.000549s ]
INFO: [ app_begin ] --START--
INFO: Run Behavior\ReadHtmlCacheBehavior [ RunTime:0.000571s ]
INFO: [ app_begin ] --END-- [ RunTime:0.000636s ]

[ 2020-05-10T16:58:54+08:00 ] ::1 /home/job/sendMail
INFO: [ app_init ] --START--
INFO: Run Behavior\BuildLiteBehavior [ RunTime:0.000018s ]
INFO: [ app_init ] --END-- [ RunTime:0.000470s ]
INFO: [ app_begin ] --START--
INFO: Run Behavior\ReadHtmlCacheBehavior [ RunTime:0.000606s ]
INFO: [ app_begin ] --END-- [ RunTime:0.000658s ]

[ 2020-05-10T16:59:05+08:00 ] ::1 /home/job/sendMail
INFO: [ app_init ] --START--
INFO: Run Behavior\BuildLiteBehavior [ RunTime:0.000018s ]
INFO: [ app_init ] --END-- [ RunTime:0.000667s ]
INFO: [ app_begin ] --START--
INFO: Run Behavior\ReadHtmlCacheBehavior [ RunTime:0.000405s ]
INFO: [ app_begin ] --END-- [ RunTime:0.000452s ]

[ 2020-05-10T16:59:17+08:00 ] ::1 /home/job/sendMail
INFO: [ app_init ] --START--
INFO: Run Behavior\BuildLiteBehavior [ RunTime:0.000013s ]
INFO: [ app_init ] --END-- [ RunTime:0.000905s ]
INFO: [ app_begin ] --START--
INFO: Run Behavior\ReadHtmlCacheBehavior [ RunTime:0.003020s ]
INFO: [ app_begin ] --END-- [ RunTime:0.003105s ]

[ 2020-05-10T16:59:36+08:00 ] ::1 /home/job/sendMail
INFO: [ app_init ] --START--
INFO: Run Behavior\BuildLiteBehavior [ RunTime:0.000013s ]
INFO: [ app_init ] --END-- [ RunTime:0.000910s ]
INFO: [ app_begin ] --START--
INFO: Run Behavior\ReadHtmlCacheBehavior [ RunTime:0.002027s ]
INFO: [ app_begin ] --END-- [ RunTime:0.002102s ]

[ 2020-05-10T16:59:37+08:00 ] ::1 /home/job/sendMail
INFO: [ app_init ] --START--
INFO: Run Behavior\BuildLiteBehavior [ RunTime:0.000044s ]
INFO: [ app_init ] --END-- [ RunTime:0.002602s ]
INFO: [ app_begin ] --START--
INFO: Run Behavior\ReadHtmlCacheBehavior [ RunTime:0.001936s ]
INFO: [ app_begin ] --END-- [ RunTime:0.002058s ]

[ 2020-05-10T17:07:47+08:00 ] ::1 /home/job/sendMail
INFO: [ app_init ] --START--
INFO: Run Behavior\BuildLiteBehavior [ RunTime:0.000022s ]
INFO: [ app_init ] --END-- [ RunTime:0.007426s ]
INFO: [ app_begin ] --START--
INFO: Run Behavior\ReadHtmlCacheBehavior [ RunTime:0.002718s ]
INFO: [ app_begin ] --END-- [ RunTime:0.002797s ]

[ 2020-05-10T17:07:48+08:00 ] ::1 /home/job/sendMail
INFO: [ app_init ] --START--
INFO: Run Behavior\BuildLiteBehavior [ RunTime:0.000020s ]
INFO: [ app_init ] --END-- [ RunTime:0.001004s ]
INFO: [ app_begin ] --START--
INFO: Run Behavior\ReadHtmlCacheBehavior [ RunTime:0.001753s ]
INFO: [ app_begin ] --END-- [ RunTime:0.001823s ]

[ 2020-05-10T17:08:29+08:00 ] ::1 /home/job/sendMail
INFO: [ app_init ] --START--
INFO: Run Behavior\BuildLiteBehavior [ RunTime:0.000024s ]
INFO: [ app_init ] --END-- [ RunTime:0.015689s ]
INFO: [ app_begin ] --START--
INFO: Run Behavior\ReadHtmlCacheBehavior [ RunTime:0.010135s ]
INFO: [ app_begin ] --END-- [ RunTime:0.010406s ]
NOTIC: [2] require(/aa): failed to open stream: No such file or directory /Applications/MAMP/htdocs/job/zhaopin-php/Application/Home/Controller/JobController.class.php 第 164 行.

[ 2020-05-10T17:09:03+08:00 ] ::1 /home/job/sendMail
INFO: [ app_init ] --START--
INFO: Run Behavior\BuildLiteBehavior [ RunTime:0.000999s ]
INFO: [ app_init ] --END-- [ RunTime:0.007802s ]
INFO: [ app_begin ] --START--
INFO: Run Behavior\ReadHtmlCacheBehavior [ RunTime:0.002329s ]
INFO: [ app_begin ] --END-- [ RunTime:0.002442s ]
NOTIC: [2] require(/Applications/MAMP/htdocs/job/zhaopin-php/Application/Home/Controller): failed to open stream: No such file or directory /Applications/MAMP/htdocs/job/zhaopin-php/Application/Home/Controller/JobController.class.php 第 164 行.

[ 2020-05-10T17:10:39+08:00 ] ::1 /home/job/sendMail
INFO: [ app_init ] --START--
INFO: Run Behavior\BuildLiteBehavior [ RunTime:0.000018s ]
INFO: [ app_init ] --END-- [ RunTime:0.002379s ]
INFO: [ app_begin ] --START--
INFO: Run Behavior\ReadHtmlCacheBehavior [ RunTime:0.001418s ]
INFO: [ app_begin ] --END-- [ RunTime:0.001501s ]
NOTIC: [2] require_once(/Applications/MAMP/htdocs/job/zhaopin-php/Application/Home/Controller../../../ThinkPHP/Library/Vendor/PHPMailer/src/Exception.php): failed to open stream: No such file or directory /Applications/MAMP/htdocs/job/zhaopin-php/Application/Home/Controller/JobController.class.php 第 164 行.

[ 2020-05-10T17:11:10+08:00 ] ::1 /home/job/sendMail
INFO: [ app_init ] --START--
INFO: Run Behavior\BuildLiteBehavior [ RunTime:0.000028s ]
INFO: [ app_init ] --END-- [ RunTime:0.023001s ]
INFO: [ app_begin ] --START--
INFO: Run Behavior\ReadHtmlCacheBehavior [ RunTime:0.009661s ]
INFO: [ app_begin ] --END-- [ RunTime:0.009845s ]
NOTIC: [2] require_once(/Applications/MAMP/htdocs/job/zhaopin-php/Application/Home/Controller../../ThinkPHP/Library/Vendor/PHPMailer/src/Exception.php): failed to open stream: No such file or directory /Applications/MAMP/htdocs/job/zhaopin-php/Application/Home/Controller/JobController.class.php 第 164 行.

[ 2020-05-10T17:12:51+08:00 ] ::1 /home/job/sendMail
INFO: [ app_init ] --START--
INFO: Run Behavior\BuildLiteBehavior [ RunTime:0.000018s ]
INFO: [ app_init ] --END-- [ RunTime:0.000674s ]
INFO: [ app_begin ] --START--
INFO: Run Behavior\ReadHtmlCacheBehavior [ RunTime:0.009705s ]
INFO: [ app_begin ] --END-- [ RunTime:0.009790s ]
INFO: [ app_end ] --START--
INFO: Run Behavior\ShowPageTraceBehavior [ RunTime:0.010681s ]
INFO: [ app_end ] --END-- [ RunTime:0.010815s ]

[ 2020-05-10T17:14:35+08:00 ] ::1 /home/job/sendMail
INFO: [ app_init ] --START--
INFO: Run Behavior\BuildLiteBehavior [ RunTime:0.000021s ]
INFO: [ app_init ] --END-- [ RunTime:0.001292s ]
INFO: [ app_begin ] --START--
INFO: Run Behavior\ReadHtmlCacheBehavior [ RunTime:0.000839s ]
INFO: [ app_begin ] --END-- [ RunTime:0.000902s ]
INFO: [ app_end ] --START--
INFO: Run Behavior\ShowPageTraceBehavior [ RunTime:0.011410s ]
INFO: [ app_end ] --END-- [ RunTime:0.011503s ]

[ 2020-05-10T17:17:09+08:00 ] ::1 /home/job/sendMail
INFO: [ app_init ] --START--
INFO: Run Behavior\BuildLiteBehavior [ RunTime:0.000019s ]
INFO: [ app_init ] --END-- [ RunTime:0.001662s ]
INFO: [ app_begin ] --START--
INFO: Run Behavior\ReadHtmlCacheBehavior [ RunTime:0.001666s ]
INFO: [ app_begin ] --END-- [ RunTime:0.002720s ]
INFO: [ app_end ] --START--
INFO: Run Behavior\ShowPageTraceBehavior [ RunTime:0.002289s ]
INFO: [ app_end ] --END-- [ RunTime:0.002397s ]

[ 2020-05-10T17:17:25+08:00 ] ::1 /home/job/sendMail
INFO: [ app_init ] --START--
INFO: Run Behavior\BuildLiteBehavior [ RunTime:0.000014s ]
INFO: [ app_init ] --END-- [ RunTime:0.001975s ]
INFO: [ app_begin ] --START--
INFO: Run Behavior\ReadHtmlCacheBehavior [ RunTime:0.008144s ]
INFO: [ app_begin ] --END-- [ RunTime:0.008247s ]
INFO: [ app_end ] --START--
INFO: Run Behavior\ShowPageTraceBehavior [ RunTime:0.002920s ]
INFO: [ app_end ] --END-- [ RunTime:0.003000s ]

[ 2020-05-10T17:17:45+08:00 ] ::1 /home/job/sendMail
INFO: [ app_init ] --START--
INFO: Run Behavior\BuildLiteBehavior [ RunTime:0.000015s ]
INFO: [ app_init ] --END-- [ RunTime:0.001387s ]
INFO: [ app_begin ] --START--
INFO: Run Behavior\ReadHtmlCacheBehavior [ RunTime:0.001469s ]
INFO: [ app_begin ] --END-- [ RunTime:0.001665s ]

[ 2020-05-10T17:19:53+08:00 ] ::1 /home/job/sendMail
INFO: [ app_init ] --START--
INFO: Run Behavior\BuildLiteBehavior [ RunTime:0.000015s ]
INFO: [ app_init ] --END-- [ RunTime:0.001608s ]
INFO: [ app_begin ] --START--
INFO: Run Behavior\ReadHtmlCacheBehavior [ RunTime:0.006987s ]
INFO: [ app_begin ] --END-- [ RunTime:0.007162s ]

[ 2020-05-10T17:19:55+08:00 ] ::1 /home/job/sendMail
INFO: [ app_init ] --START--
INFO: Run Behavior\BuildLiteBehavior [ RunTime:0.000016s ]
INFO: [ app_init ] --END-- [ RunTime:0.000398s ]
INFO: [ app_begin ] --START--
INFO: Run Behavior\ReadHtmlCacheBehavior [ RunTime:0.000687s ]
INFO: [ app_begin ] --END-- [ RunTime:0.000744s ]

[ 2020-05-10T17:20:42+08:00 ] ::1 /home/job/sendMail
INFO: [ app_init ] --START--
INFO: Run Behavior\BuildLiteBehavior [ RunTime:0.000015s ]
INFO: [ app_init ] --END-- [ RunTime:0.020832s ]
INFO: [ app_begin ] --START--
INFO: Run Behavior\ReadHtmlCacheBehavior [ RunTime:0.007104s ]
INFO: [ app_begin ] --END-- [ RunTime:0.007190s ]

[ 2020-05-10T17:23:41+08:00 ] ::1 /home/job/sendMail
INFO: [ app_init ] --START--
INFO: Run Behavior\BuildLiteBehavior [ RunTime:0.000015s ]
INFO: [ app_init ] --END-- [ RunTime:0.001163s ]
INFO: [ app_begin ] --START--
INFO: Run Behavior\ReadHtmlCacheBehavior [ RunTime:0.001741s ]
INFO: [ app_begin ] --END-- [ RunTime:0.001825s ]

[ 2020-05-10T17:24:06+08:00 ] ::1 /home/job/sendMail
INFO: [ app_init ] --START--
INFO: Run Behavior\BuildLiteBehavior [ RunTime:0.000014s ]
INFO: [ app_init ] --END-- [ RunTime:0.001104s ]
INFO: [ app_begin ] --START--
INFO: Run Behavior\ReadHtmlCacheBehavior [ RunTime:0.001800s ]
INFO: [ app_begin ] --END-- [ RunTime:0.002222s ]

[ 2020-05-10T17:24:34+08:00 ] ::1 /home/job/sendMail
INFO: [ app_init ] --START--
INFO: Run Behavior\BuildLiteBehavior [ RunTime:0.000016s ]
INFO: [ app_init ] --END-- [ RunTime:0.000956s ]
INFO: [ app_begin ] --START--
INFO: Run Behavior\ReadHtmlCacheBehavior [ RunTime:0.001886s ]
INFO: [ app_begin ] --END-- [ RunTime:0.001963s ]

[ 2020-05-10T17:24:45+08:00 ] ::1 /home/job/sendMail
INFO: [ app_init ] --START--
INFO: Run Behavior\BuildLiteBehavior [ RunTime:0.000015s ]
INFO: [ app_init ] --END-- [ RunTime:0.001936s ]
INFO: [ app_begin ] --START--
INFO: Run Behavior\ReadHtmlCacheBehavior [ RunTime:0.001353s ]
INFO: [ app_begin ] --END-- [ RunTime:0.001437s ]

