[ 2020-05-14T10:35:54+08:00 ] ::1 /home/job/mdtopdf
INFO: [ app_init ] --START--
INFO: Run Behavior\BuildLiteBehavior [ RunTime:0.000029s ]
INFO: [ app_init ] --END-- [ RunTime:0.020483s ]
INFO: [ app_begin ] --START--
INFO: Run Behavior\ReadHtmlCacheBehavior [ RunTime:0.010283s ]
INFO: [ app_begin ] --END-- [ RunTime:0.010440s ]
NOTIC: [8] Undefined index: /Applications/MAMP/htdocs/zhaopin/zhaopin-php/vendor/dompdf/dompdf/lib/fonts/simsun /Applications/MAMP/htdocs/zhaopin/zhaopin-php/vendor/dompdf/dompdf/src/Renderer/Text.php 第 105 行.

[ 2020-05-14T10:44:01+08:00 ] ::1 /home/job/mdtopdf
INFO: [ app_init ] --START--
INFO: Run Behavior\BuildLiteBehavior [ RunTime:0.000029s ]
INFO: [ app_init ] --END-- [ RunTime:0.017182s ]
INFO: [ app_begin ] --START--
INFO: Run Behavior\ReadHtmlCacheBehavior [ RunTime:0.013062s ]
INFO: [ app_begin ] --END-- [ RunTime:0.013181s ]

[ 2020-05-14T10:44:16+08:00 ] ::1 /home/job/mdtopdf
INFO: [ app_init ] --START--
INFO: Run Behavior\BuildLiteBehavior [ RunTime:0.000023s ]
INFO: [ app_init ] --END-- [ RunTime:0.008544s ]
INFO: [ app_begin ] --START--
INFO: Run Behavior\ReadHtmlCacheBehavior [ RunTime:0.007306s ]
INFO: [ app_begin ] --END-- [ RunTime:0.007387s ]
NOTIC: [8] Undefined index: /Applications/MAMP/htdocs/zhaopin/zhaopin-php/vendor/dompdf/dompdf/lib/fonts/simsun /Applications/MAMP/htdocs/zhaopin/zhaopin-php/vendor/dompdf/dompdf/src/Renderer/Text.php 第 105 行.

[ 2020-05-14T11:05:24+08:00 ] ::1 /home/job/mdtopdf
INFO: [ app_init ] --START--
INFO: Run Behavior\BuildLiteBehavior [ RunTime:0.000030s ]
INFO: [ app_init ] --END-- [ RunTime:0.014155s ]
INFO: [ app_begin ] --START--
INFO: Run Behavior\ReadHtmlCacheBehavior [ RunTime:0.009805s ]
INFO: [ app_begin ] --END-- [ RunTime:0.010400s ]
NOTIC: [8] Undefined index: /Applications/MAMP/htdocs/zhaopin/zhaopin-php/vendor/dompdf/dompdf/lib/fonts/simsun /Applications/MAMP/htdocs/zhaopin/zhaopin-php/vendor/dompdf/dompdf/src/Renderer/Text.php 第 105 行.

[ 2020-05-14T11:10:52+08:00 ] ::1 /home/job/mdtopdf
INFO: [ app_init ] --START--
INFO: Run Behavior\BuildLiteBehavior [ RunTime:0.000030s ]
INFO: [ app_init ] --END-- [ RunTime:0.008154s ]
INFO: [ app_begin ] --START--
INFO: Run Behavior\ReadHtmlCacheBehavior [ RunTime:0.012534s ]
INFO: [ app_begin ] --END-- [ RunTime:0.012618s ]
NOTIC: [8] Undefined index: /Applications/MAMP/htdocs/zhaopin/zhaopin-php/vendor/dompdf/dompdf/lib/fonts/simsun /Applications/MAMP/htdocs/zhaopin/zhaopin-php/vendor/dompdf/dompdf/src/Renderer/Text.php 第 105 行.

[ 2020-05-14T11:25:28+08:00 ] ::1 /home/job/mdtopdf
INFO: [ app_init ] --START--
INFO: Run Behavior\BuildLiteBehavior [ RunTime:0.000096s ]
INFO: [ app_init ] --END-- [ RunTime:0.001074s ]
INFO: [ app_begin ] --START--
INFO: Run Behavior\ReadHtmlCacheBehavior [ RunTime:0.012194s ]
INFO: [ app_begin ] --END-- [ RunTime:0.012962s ]
NOTIC: [8] Undefined index: /Applications/MAMP/htdocs/zhaopin/zhaopin-php/vendor/dompdf/dompdf/lib/fonts/simsun /Applications/MAMP/htdocs/zhaopin/zhaopin-php/vendor/dompdf/dompdf/src/Renderer/Text.php 第 105 行.

[ 2020-05-14T11:27:30+08:00 ] ::1 /home/job/mdtopdf
INFO: [ app_init ] --START--
INFO: Run Behavior\BuildLiteBehavior [ RunTime:0.000108s ]
INFO: [ app_init ] --END-- [ RunTime:0.007869s ]
INFO: [ app_begin ] --START--
INFO: Run Behavior\ReadHtmlCacheBehavior [ RunTime:0.011339s ]
INFO: [ app_begin ] --END-- [ RunTime:0.011469s ]
NOTIC: [8] Undefined index: /Applications/MAMP/htdocs/zhaopin/zhaopin-php/vendor/dompdf/dompdf/lib/fonts/simsun /Applications/MAMP/htdocs/zhaopin/zhaopin-php/vendor/dompdf/dompdf/src/Renderer/Text.php 第 105 行.

[ 2020-05-14T11:48:41+08:00 ] ::1 /home/job/mdtopdf
INFO: [ app_init ] --START--
INFO: Run Behavior\BuildLiteBehavior [ RunTime:0.000022s ]
INFO: [ app_init ] --END-- [ RunTime:0.001942s ]
INFO: [ app_begin ] --START--
INFO: Run Behavior\ReadHtmlCacheBehavior [ RunTime:0.002044s ]
INFO: [ app_begin ] --END-- [ RunTime:0.002131s ]

[ 2020-05-14T15:19:25+08:00 ] ::1 /index.php/home/job/ceshishangchuan
INFO: [ app_init ] --START--
INFO: Run Behavior\BuildLiteBehavior [ RunTime:0.000034s ]
INFO: [ app_init ] --END-- [ RunTime:0.007422s ]
INFO: [ app_begin ] --START--
INFO: Run Behavior\ReadHtmlCacheBehavior [ RunTime:0.008659s ]
INFO: [ app_begin ] --END-- [ RunTime:0.008756s ]
INFO: [ view_parse ] --START--
INFO: [ template_filter ] --START--
INFO: Run Behavior\ContentReplaceBehavior [ RunTime:0.001273s ]
INFO: [ template_filter ] --END-- [ RunTime:0.001966s ]
INFO: Run Behavior\ParseTemplateBehavior [ RunTime:0.099177s ]
INFO: [ view_parse ] --END-- [ RunTime:0.099952s ]
INFO: [ view_filter ] --START--
INFO: Run Behavior\WriteHtmlCacheBehavior [ RunTime:0.000964s ]
INFO: [ view_filter ] --END-- [ RunTime:0.001065s ]
INFO: [ app_end ] --START--
INFO: Run Behavior\ShowPageTraceBehavior [ RunTime:0.002435s ]
INFO: [ app_end ] --END-- [ RunTime:0.002514s ]

[ 2020-05-14T15:19:50+08:00 ] ::1 /index.php/home/job/ceshishangchuan
INFO: [ app_init ] --START--
INFO: Run Behavior\BuildLiteBehavior [ RunTime:0.000049s ]
INFO: [ app_init ] --END-- [ RunTime:0.001783s ]
INFO: [ app_begin ] --START--
INFO: Run Behavior\ReadHtmlCacheBehavior [ RunTime:0.001057s ]
INFO: [ app_begin ] --END-- [ RunTime:0.001126s ]
INFO: [ view_parse ] --START--
INFO: [ template_filter ] --START--
INFO: Run Behavior\ContentReplaceBehavior [ RunTime:0.000104s ]
INFO: [ template_filter ] --END-- [ RunTime:0.000342s ]
INFO: Run Behavior\ParseTemplateBehavior [ RunTime:0.030944s ]
INFO: [ view_parse ] --END-- [ RunTime:0.031040s ]
INFO: [ view_filter ] --START--
INFO: Run Behavior\WriteHtmlCacheBehavior [ RunTime:0.000527s ]
INFO: [ view_filter ] --END-- [ RunTime:0.000585s ]
INFO: [ app_end ] --START--
INFO: Run Behavior\ShowPageTraceBehavior [ RunTime:0.002735s ]
INFO: [ app_end ] --END-- [ RunTime:0.003651s ]

[ 2020-05-14T15:19:57+08:00 ] ::1 /home/job/uploadfile
INFO: [ app_init ] --START--
INFO: Run Behavior\BuildLiteBehavior [ RunTime:0.000025s ]
INFO: [ app_init ] --END-- [ RunTime:0.001903s ]
INFO: [ app_begin ] --START--
INFO: Run Behavior\ReadHtmlCacheBehavior [ RunTime:0.001503s ]
INFO: [ app_begin ] --END-- [ RunTime:0.001592s ]
NOTIC: [2] Missing argument 1 for I(), called in /Applications/MAMP/htdocs/zhaopin/zhaopin-php/Application/Home/Controller/JobController.class.php on line 246 and defined /Applications/MAMP/htdocs/zhaopin/zhaopin-php/ThinkPHP/Common/functions.php 第 303 行.
NOTIC: [8] Undefined variable: name /Applications/MAMP/htdocs/zhaopin/zhaopin-php/ThinkPHP/Common/functions.php 第 306 行.
NOTIC: [8] Undefined variable: name /Applications/MAMP/htdocs/zhaopin/zhaopin-php/ThinkPHP/Common/functions.php 第 313 行.
NOTIC: [8] Undefined variable: name /Applications/MAMP/htdocs/zhaopin/zhaopin-php/ThinkPHP/Common/functions.php 第 376 行.
NOTIC: [8] Undefined index: zp_id /Applications/MAMP/htdocs/zhaopin/zhaopin-php/Application/Home/Controller/JobController.class.php 第 250 行.

[ 2020-05-14T15:20:25+08:00 ] ::1 /index.php/home/job/ceshishangchuan?name=%E6%96%B9%E7%9A%84%E4%B8%80%E6%89%B9&zp
INFO: [ app_init ] --START--
INFO: Run Behavior\BuildLiteBehavior [ RunTime:0.000022s ]
INFO: [ app_init ] --END-- [ RunTime:0.000595s ]
INFO: [ app_begin ] --START--
INFO: Run Behavior\ReadHtmlCacheBehavior [ RunTime:0.001551s ]
INFO: [ app_begin ] --END-- [ RunTime:0.001631s ]
INFO: [ view_parse ] --START--
INFO: [ template_filter ] --START--
INFO: Run Behavior\ContentReplaceBehavior [ RunTime:0.000113s ]
INFO: [ template_filter ] --END-- [ RunTime:0.001349s ]
INFO: Run Behavior\ParseTemplateBehavior [ RunTime:0.015823s ]
INFO: [ view_parse ] --END-- [ RunTime:0.015929s ]
INFO: [ view_filter ] --START--
INFO: Run Behavior\WriteHtmlCacheBehavior [ RunTime:0.000411s ]
INFO: [ view_filter ] --END-- [ RunTime:0.000463s ]
INFO: [ app_end ] --START--
INFO: Run Behavior\ShowPageTraceBehavior [ RunTime:0.001749s ]
INFO: [ app_end ] --END-- [ RunTime:0.002616s ]

[ 2020-05-14T15:20:58+08:00 ] ::1 /index.php/home/job/ceshishangchuan?name=%E6%96%B9%E7%9A%84%E4%B8%80%E6%89%B9&zp
INFO: [ app_init ] --START--
INFO: Run Behavior\BuildLiteBehavior [ RunTime:0.000025s ]
INFO: [ app_init ] --END-- [ RunTime:0.003720s ]
INFO: [ app_begin ] --START--
INFO: Run Behavior\ReadHtmlCacheBehavior [ RunTime:0.007717s ]
INFO: [ app_begin ] --END-- [ RunTime:0.007798s ]
INFO: [ view_parse ] --START--
INFO: [ template_filter ] --START--
INFO: Run Behavior\ContentReplaceBehavior [ RunTime:0.000043s ]
INFO: [ template_filter ] --END-- [ RunTime:0.000112s ]
INFO: Run Behavior\ParseTemplateBehavior [ RunTime:0.023841s ]
INFO: [ view_parse ] --END-- [ RunTime:0.024055s ]
INFO: [ view_filter ] --START--
INFO: Run Behavior\WriteHtmlCacheBehavior [ RunTime:0.003271s ]
INFO: [ view_filter ] --END-- [ RunTime:0.003353s ]
INFO: [ app_end ] --START--
INFO: Run Behavior\ShowPageTraceBehavior [ RunTime:0.005939s ]
INFO: [ app_end ] --END-- [ RunTime:0.006011s ]

[ 2020-05-14T15:21:07+08:00 ] ::1 /home/job/uploadfile
INFO: [ app_init ] --START--
INFO: Run Behavior\BuildLiteBehavior [ RunTime:0.000020s ]
INFO: [ app_init ] --END-- [ RunTime:0.000632s ]
INFO: [ app_begin ] --START--
INFO: Run Behavior\ReadHtmlCacheBehavior [ RunTime:0.003366s ]
INFO: [ app_begin ] --END-- [ RunTime:0.003448s ]
NOTIC: [2] Missing argument 1 for I(), called in /Applications/MAMP/htdocs/zhaopin/zhaopin-php/Application/Home/Controller/JobController.class.php on line 246 and defined /Applications/MAMP/htdocs/zhaopin/zhaopin-php/ThinkPHP/Common/functions.php 第 303 行.
NOTIC: [8] Undefined variable: name /Applications/MAMP/htdocs/zhaopin/zhaopin-php/ThinkPHP/Common/functions.php 第 306 行.
NOTIC: [8] Undefined variable: name /Applications/MAMP/htdocs/zhaopin/zhaopin-php/ThinkPHP/Common/functions.php 第 313 行.
NOTIC: [8] Undefined variable: name /Applications/MAMP/htdocs/zhaopin/zhaopin-php/ThinkPHP/Common/functions.php 第 376 行.

[ 2020-05-14T15:21:18+08:00 ] ::1 /home/job/uploadfile
INFO: [ app_init ] --START--
INFO: Run Behavior\BuildLiteBehavior [ RunTime:0.000012s ]
INFO: [ app_init ] --END-- [ RunTime:0.000308s ]
INFO: [ app_begin ] --START--
INFO: Run Behavior\ReadHtmlCacheBehavior [ RunTime:0.000402s ]
INFO: [ app_begin ] --END-- [ RunTime:0.000454s ]
NOTIC: [2] Missing argument 1 for I(), called in /Applications/MAMP/htdocs/zhaopin/zhaopin-php/Application/Home/Controller/JobController.class.php on line 246 and defined /Applications/MAMP/htdocs/zhaopin/zhaopin-php/ThinkPHP/Common/functions.php 第 303 行.
NOTIC: [8] Undefined variable: name /Applications/MAMP/htdocs/zhaopin/zhaopin-php/ThinkPHP/Common/functions.php 第 306 行.
NOTIC: [8] Undefined variable: name /Applications/MAMP/htdocs/zhaopin/zhaopin-php/ThinkPHP/Common/functions.php 第 313 行.
NOTIC: [8] Undefined variable: name /Applications/MAMP/htdocs/zhaopin/zhaopin-php/ThinkPHP/Common/functions.php 第 376 行.

[ 2020-05-14T15:21:55+08:00 ] ::1 /home/job/uploadfile
INFO: [ app_init ] --START--
INFO: Run Behavior\BuildLiteBehavior [ RunTime:0.000086s ]
INFO: [ app_init ] --END-- [ RunTime:0.000837s ]
INFO: [ app_begin ] --START--
INFO: Run Behavior\ReadHtmlCacheBehavior [ RunTime:0.002067s ]
INFO: [ app_begin ] --END-- [ RunTime:0.002231s ]
NOTIC: [2] Missing argument 1 for I(), called in /Applications/MAMP/htdocs/zhaopin/zhaopin-php/Application/Home/Controller/JobController.class.php on line 246 and defined /Applications/MAMP/htdocs/zhaopin/zhaopin-php/ThinkPHP/Common/functions.php 第 303 行.
NOTIC: [8] Undefined variable: name /Applications/MAMP/htdocs/zhaopin/zhaopin-php/ThinkPHP/Common/functions.php 第 306 行.
NOTIC: [8] Undefined variable: name /Applications/MAMP/htdocs/zhaopin/zhaopin-php/ThinkPHP/Common/functions.php 第 313 行.
NOTIC: [8] Undefined variable: name /Applications/MAMP/htdocs/zhaopin/zhaopin-php/ThinkPHP/Common/functions.php 第 376 行.

[ 2020-05-14T15:22:17+08:00 ] ::1 /index.php/home/job/ceshishangchuan
INFO: [ app_init ] --START--
INFO: Run Behavior\BuildLiteBehavior [ RunTime:0.000013s ]
INFO: [ app_init ] --END-- [ RunTime:0.000841s ]
INFO: [ app_begin ] --START--
INFO: Run Behavior\ReadHtmlCacheBehavior [ RunTime:0.001200s ]
INFO: [ app_begin ] --END-- [ RunTime:0.001276s ]
INFO: [ view_parse ] --START--
INFO: [ template_filter ] --START--
INFO: Run Behavior\ContentReplaceBehavior [ RunTime:0.000050s ]
INFO: [ template_filter ] --END-- [ RunTime:0.000211s ]
INFO: Run Behavior\ParseTemplateBehavior [ RunTime:0.029823s ]
INFO: [ view_parse ] --END-- [ RunTime:0.029922s ]
INFO: [ view_filter ] --START--
INFO: Run Behavior\WriteHtmlCacheBehavior [ RunTime:0.000650s ]
INFO: [ view_filter ] --END-- [ RunTime:0.000734s ]
INFO: [ app_end ] --START--
INFO: Run Behavior\ShowPageTraceBehavior [ RunTime:0.001135s ]
INFO: [ app_end ] --END-- [ RunTime:0.001205s ]

[ 2020-05-14T15:22:25+08:00 ] ::1 /home/job/uploadfile
INFO: [ app_init ] --START--
INFO: Run Behavior\BuildLiteBehavior [ RunTime:0.000013s ]
INFO: [ app_init ] --END-- [ RunTime:0.000619s ]
INFO: [ app_begin ] --START--
INFO: Run Behavior\ReadHtmlCacheBehavior [ RunTime:0.000417s ]
INFO: [ app_begin ] --END-- [ RunTime:0.000464s ]
NOTIC: [2] Missing argument 1 for I(), called in /Applications/MAMP/htdocs/zhaopin/zhaopin-php/Application/Home/Controller/JobController.class.php on line 246 and defined /Applications/MAMP/htdocs/zhaopin/zhaopin-php/ThinkPHP/Common/functions.php 第 303 行.
NOTIC: [8] Undefined variable: name /Applications/MAMP/htdocs/zhaopin/zhaopin-php/ThinkPHP/Common/functions.php 第 306 行.
NOTIC: [8] Undefined variable: name /Applications/MAMP/htdocs/zhaopin/zhaopin-php/ThinkPHP/Common/functions.php 第 313 行.
NOTIC: [8] Undefined variable: name /Applications/MAMP/htdocs/zhaopin/zhaopin-php/ThinkPHP/Common/functions.php 第 376 行.

[ 2020-05-14T15:25:05+08:00 ] ::1 /home/job/uploadfile
INFO: [ app_init ] --START--
INFO: Run Behavior\BuildLiteBehavior [ RunTime:0.000072s ]
INFO: [ app_init ] --END-- [ RunTime:0.001148s ]
INFO: [ app_begin ] --START--
INFO: Run Behavior\ReadHtmlCacheBehavior [ RunTime:0.001181s ]
INFO: [ app_begin ] --END-- [ RunTime:0.001258s ]
NOTIC: [2] Missing argument 1 for I(), called in /Applications/MAMP/htdocs/zhaopin/zhaopin-php/Application/Home/Controller/JobController.class.php on line 246 and defined /Applications/MAMP/htdocs/zhaopin/zhaopin-php/ThinkPHP/Common/functions.php 第 303 行.
NOTIC: [8] Undefined variable: name /Applications/MAMP/htdocs/zhaopin/zhaopin-php/ThinkPHP/Common/functions.php 第 306 行.
NOTIC: [8] Undefined variable: name /Applications/MAMP/htdocs/zhaopin/zhaopin-php/ThinkPHP/Common/functions.php 第 313 行.
NOTIC: [8] Undefined variable: name /Applications/MAMP/htdocs/zhaopin/zhaopin-php/ThinkPHP/Common/functions.php 第 376 行.

[ 2020-05-14T15:26:34+08:00 ] ::1 /home/job/uploadfile
INFO: [ app_init ] --START--
INFO: Run Behavior\BuildLiteBehavior [ RunTime:0.000021s ]
INFO: [ app_init ] --END-- [ RunTime:0.006802s ]
INFO: [ app_begin ] --START--
INFO: Run Behavior\ReadHtmlCacheBehavior [ RunTime:0.008609s ]
INFO: [ app_begin ] --END-- [ RunTime:0.008740s ]

[ 2020-05-14T15:26:48+08:00 ] ::1 /home/job/uploadfile
INFO: [ app_init ] --START--
INFO: Run Behavior\BuildLiteBehavior [ RunTime:0.000014s ]
INFO: [ app_init ] --END-- [ RunTime:0.000650s ]
INFO: [ app_begin ] --START--
INFO: Run Behavior\ReadHtmlCacheBehavior [ RunTime:0.000898s ]
INFO: [ app_begin ] --END-- [ RunTime:0.000967s ]
NOTIC: [2] Missing argument 1 for I(), called in /Applications/MAMP/htdocs/zhaopin/zhaopin-php/Application/Home/Controller/JobController.class.php on line 245 and defined /Applications/MAMP/htdocs/zhaopin/zhaopin-php/ThinkPHP/Common/functions.php 第 303 行.
NOTIC: [8] Undefined variable: name /Applications/MAMP/htdocs/zhaopin/zhaopin-php/ThinkPHP/Common/functions.php 第 306 行.
NOTIC: [8] Undefined variable: name /Applications/MAMP/htdocs/zhaopin/zhaopin-php/ThinkPHP/Common/functions.php 第 313 行.
NOTIC: [8] Undefined variable: name /Applications/MAMP/htdocs/zhaopin/zhaopin-php/ThinkPHP/Common/functions.php 第 376 行.

[ 2020-05-14T15:26:49+08:00 ] ::1 /home/job/uploadfile
INFO: [ app_init ] --START--
INFO: Run Behavior\BuildLiteBehavior [ RunTime:0.000024s ]
INFO: [ app_init ] --END-- [ RunTime:0.000610s ]
INFO: [ app_begin ] --START--
INFO: Run Behavior\ReadHtmlCacheBehavior [ RunTime:0.000425s ]
INFO: [ app_begin ] --END-- [ RunTime:0.000479s ]
NOTIC: [2] Missing argument 1 for I(), called in /Applications/MAMP/htdocs/zhaopin/zhaopin-php/Application/Home/Controller/JobController.class.php on line 245 and defined /Applications/MAMP/htdocs/zhaopin/zhaopin-php/ThinkPHP/Common/functions.php 第 303 行.
NOTIC: [8] Undefined variable: name /Applications/MAMP/htdocs/zhaopin/zhaopin-php/ThinkPHP/Common/functions.php 第 306 行.
NOTIC: [8] Undefined variable: name /Applications/MAMP/htdocs/zhaopin/zhaopin-php/ThinkPHP/Common/functions.php 第 313 行.
NOTIC: [8] Undefined variable: name /Applications/MAMP/htdocs/zhaopin/zhaopin-php/ThinkPHP/Common/functions.php 第 376 行.

[ 2020-05-14T15:27:07+08:00 ] ::1 /home/job/uploadfile
INFO: [ app_init ] --START--
INFO: Run Behavior\BuildLiteBehavior [ RunTime:0.000014s ]
INFO: [ app_init ] --END-- [ RunTime:0.000731s ]
INFO: [ app_begin ] --START--
INFO: Run Behavior\ReadHtmlCacheBehavior [ RunTime:0.001980s ]
INFO: [ app_begin ] --END-- [ RunTime:0.002201s ]
NOTIC: [2] Missing argument 1 for I(), called in /Applications/MAMP/htdocs/zhaopin/zhaopin-php/Application/Home/Controller/JobController.class.php on line 245 and defined /Applications/MAMP/htdocs/zhaopin/zhaopin-php/ThinkPHP/Common/functions.php 第 303 行.
NOTIC: [8] Undefined variable: name /Applications/MAMP/htdocs/zhaopin/zhaopin-php/ThinkPHP/Common/functions.php 第 306 行.
NOTIC: [8] Undefined variable: name /Applications/MAMP/htdocs/zhaopin/zhaopin-php/ThinkPHP/Common/functions.php 第 313 行.
NOTIC: [8] Undefined variable: name /Applications/MAMP/htdocs/zhaopin/zhaopin-php/ThinkPHP/Common/functions.php 第 376 行.
SQL: SHOW COLUMNS FROM `cd_zhao_pin` [ RunTime:0.0387s ]
SQL: SELECT * FROM `cd_zhao_pin` WHERE `zp_id` = 1 LIMIT 1   [ RunTime:0.0302s ]
NOTIC: [8] Array to string conversion /Applications/MAMP/htdocs/zhaopin/zhaopin-php/Application/Home/Controller/JobController.class.php 第 262 行.
NOTIC: [8] Undefined index: title /Applications/MAMP/htdocs/zhaopin/zhaopin-php/Application/Home/Controller/JobController.class.php 第 269 行.
NOTIC: [2] call_user_func() expects parameter 1 to be a valid callback, no array or string given /Applications/MAMP/htdocs/zhaopin/zhaopin-php/ThinkPHP/Library/Think/Upload.class.php 第 182 行.

[ 2020-05-14T15:29:24+08:00 ] ::1 /index.php/home/job/ceshishangchuan
INFO: [ app_init ] --START--
INFO: Run Behavior\BuildLiteBehavior [ RunTime:0.000019s ]
INFO: [ app_init ] --END-- [ RunTime:0.000767s ]
INFO: [ app_begin ] --START--
INFO: Run Behavior\ReadHtmlCacheBehavior [ RunTime:0.001398s ]
INFO: [ app_begin ] --END-- [ RunTime:0.001481s ]
INFO: [ view_parse ] --START--
INFO: [ template_filter ] --START--
INFO: Run Behavior\ContentReplaceBehavior [ RunTime:0.000835s ]
INFO: [ template_filter ] --END-- [ RunTime:0.000950s ]
INFO: Run Behavior\ParseTemplateBehavior [ RunTime:0.059599s ]
INFO: [ view_parse ] --END-- [ RunTime:0.059712s ]
INFO: [ view_filter ] --START--
INFO: Run Behavior\WriteHtmlCacheBehavior [ RunTime:0.000609s ]
INFO: [ view_filter ] --END-- [ RunTime:0.000665s ]
INFO: [ app_end ] --START--
INFO: Run Behavior\ShowPageTraceBehavior [ RunTime:0.001266s ]
INFO: [ app_end ] --END-- [ RunTime:0.001461s ]

[ 2020-05-14T15:29:36+08:00 ] ::1 /home/job/uploadfile
INFO: [ app_init ] --START--
INFO: Run Behavior\BuildLiteBehavior [ RunTime:0.000013s ]
INFO: [ app_init ] --END-- [ RunTime:0.000400s ]
INFO: [ app_begin ] --START--
INFO: Run Behavior\ReadHtmlCacheBehavior [ RunTime:0.000488s ]
INFO: [ app_begin ] --END-- [ RunTime:0.000541s ]
NOTIC: [2] Missing argument 1 for I(), called in /Applications/MAMP/htdocs/zhaopin/zhaopin-php/Application/Home/Controller/JobController.class.php on line 245 and defined /Applications/MAMP/htdocs/zhaopin/zhaopin-php/ThinkPHP/Common/functions.php 第 303 行.
NOTIC: [8] Undefined variable: name /Applications/MAMP/htdocs/zhaopin/zhaopin-php/ThinkPHP/Common/functions.php 第 306 行.
NOTIC: [8] Undefined variable: name /Applications/MAMP/htdocs/zhaopin/zhaopin-php/ThinkPHP/Common/functions.php 第 313 行.
NOTIC: [8] Undefined variable: name /Applications/MAMP/htdocs/zhaopin/zhaopin-php/ThinkPHP/Common/functions.php 第 376 行.
SQL: SHOW COLUMNS FROM `cd_zhao_pin` [ RunTime:0.0349s ]
SQL: SELECT * FROM `cd_zhao_pin` WHERE `zp_id` = 1 LIMIT 1   [ RunTime:0.0346s ]
NOTIC: [8] Undefined index: title /Applications/MAMP/htdocs/zhaopin/zhaopin-php/Application/Home/Controller/JobController.class.php 第 262 行.
NOTIC: [2] call_user_func() expects parameter 1 to be a valid callback, no array or string given /Applications/MAMP/htdocs/zhaopin/zhaopin-php/ThinkPHP/Library/Think/Upload.class.php 第 182 行.
NOTIC: [2] call_user_func() expects parameter 1 to be a valid callback, no array or string given /Applications/MAMP/htdocs/zhaopin/zhaopin-php/ThinkPHP/Library/Think/Upload.class.php 第 182 行.
NOTIC: [2] call_user_func() expects parameter 1 to be a valid callback, no array or string given /Applications/MAMP/htdocs/zhaopin/zhaopin-php/ThinkPHP/Library/Think/Upload.class.php 第 182 行.

[ 2020-05-14T15:35:11+08:00 ] ::1 /home/job/uploadfile
INFO: [ app_init ] --START--
INFO: Run Behavior\BuildLiteBehavior [ RunTime:0.000016s ]
INFO: [ app_init ] --END-- [ RunTime:0.003357s ]
INFO: [ app_begin ] --START--
INFO: Run Behavior\ReadHtmlCacheBehavior [ RunTime:0.002964s ]
INFO: [ app_begin ] --END-- [ RunTime:0.003183s ]
NOTIC: [2] Missing argument 1 for I(), called in /Applications/MAMP/htdocs/zhaopin/zhaopin-php/Application/Home/Controller/JobController.class.php on line 245 and defined /Applications/MAMP/htdocs/zhaopin/zhaopin-php/ThinkPHP/Common/functions.php 第 303 行.
NOTIC: [8] Undefined variable: name /Applications/MAMP/htdocs/zhaopin/zhaopin-php/ThinkPHP/Common/functions.php 第 306 行.
NOTIC: [8] Undefined variable: name /Applications/MAMP/htdocs/zhaopin/zhaopin-php/ThinkPHP/Common/functions.php 第 313 行.
NOTIC: [8] Undefined variable: name /Applications/MAMP/htdocs/zhaopin/zhaopin-php/ThinkPHP/Common/functions.php 第 376 行.
SQL: SHOW COLUMNS FROM `cd_zhao_pin` [ RunTime:0.0317s ]
SQL: SELECT * FROM `cd_zhao_pin` WHERE `zp_id` = 1 LIMIT 1   [ RunTime:0.0311s ]
NOTIC: [2] call_user_func() expects parameter 1 to be a valid callback, no array or string given /Applications/MAMP/htdocs/zhaopin/zhaopin-php/ThinkPHP/Library/Think/Upload.class.php 第 182 行.
NOTIC: [2] call_user_func() expects parameter 1 to be a valid callback, no array or string given /Applications/MAMP/htdocs/zhaopin/zhaopin-php/ThinkPHP/Library/Think/Upload.class.php 第 182 行.
NOTIC: [2] call_user_func() expects parameter 1 to be a valid callback, no array or string given /Applications/MAMP/htdocs/zhaopin/zhaopin-php/ThinkPHP/Library/Think/Upload.class.php 第 182 行.

[ 2020-05-14T15:38:49+08:00 ] ::1 /home/job/uploadfile
INFO: [ app_init ] --START--
INFO: Run Behavior\BuildLiteBehavior [ RunTime:0.000016s ]
INFO: [ app_init ] --END-- [ RunTime:0.006957s ]
INFO: [ app_begin ] --START--
INFO: Run Behavior\ReadHtmlCacheBehavior [ RunTime:0.020863s ]
INFO: [ app_begin ] --END-- [ RunTime:0.020961s ]
NOTIC: [2] Missing argument 1 for I(), called in /Applications/MAMP/htdocs/zhaopin/zhaopin-php/Application/Home/Controller/JobController.class.php on line 245 and defined /Applications/MAMP/htdocs/zhaopin/zhaopin-php/ThinkPHP/Common/functions.php 第 303 行.
NOTIC: [8] Undefined variable: name /Applications/MAMP/htdocs/zhaopin/zhaopin-php/ThinkPHP/Common/functions.php 第 306 行.
NOTIC: [8] Undefined variable: name /Applications/MAMP/htdocs/zhaopin/zhaopin-php/ThinkPHP/Common/functions.php 第 313 行.
NOTIC: [8] Undefined variable: name /Applications/MAMP/htdocs/zhaopin/zhaopin-php/ThinkPHP/Common/functions.php 第 376 行.
SQL: SHOW COLUMNS FROM `cd_zhao_pin` [ RunTime:0.0300s ]
SQL: SELECT * FROM `cd_zhao_pin` WHERE `zp_id` = 1 LIMIT 1   [ RunTime:0.0295s ]
NOTIC: [2] call_user_func() expects parameter 1 to be a valid callback, no array or string given /Applications/MAMP/htdocs/zhaopin/zhaopin-php/ThinkPHP/Library/Think/Upload.class.php 第 182 行.
NOTIC: [2] call_user_func() expects parameter 1 to be a valid callback, no array or string given /Applications/MAMP/htdocs/zhaopin/zhaopin-php/ThinkPHP/Library/Think/Upload.class.php 第 182 行.
NOTIC: [2] call_user_func() expects parameter 1 to be a valid callback, no array or string given /Applications/MAMP/htdocs/zhaopin/zhaopin-php/ThinkPHP/Library/Think/Upload.class.php 第 182 行.

[ 2020-05-14T15:41:59+08:00 ] ::1 /home/job/uploadfile
INFO: [ app_init ] --START--
INFO: Run Behavior\BuildLiteBehavior [ RunTime:0.000025s ]
INFO: [ app_init ] --END-- [ RunTime:0.001412s ]
INFO: [ app_begin ] --START--
INFO: Run Behavior\ReadHtmlCacheBehavior [ RunTime:0.002731s ]
INFO: [ app_begin ] --END-- [ RunTime:0.002890s ]
NOTIC: [2] Missing argument 1 for I(), called in /Applications/MAMP/htdocs/zhaopin/zhaopin-php/Application/Home/Controller/JobController.class.php on line 245 and defined /Applications/MAMP/htdocs/zhaopin/zhaopin-php/ThinkPHP/Common/functions.php 第 303 行.
NOTIC: [8] Undefined variable: name /Applications/MAMP/htdocs/zhaopin/zhaopin-php/ThinkPHP/Common/functions.php 第 306 行.
NOTIC: [8] Undefined variable: name /Applications/MAMP/htdocs/zhaopin/zhaopin-php/ThinkPHP/Common/functions.php 第 313 行.
NOTIC: [8] Undefined variable: name /Applications/MAMP/htdocs/zhaopin/zhaopin-php/ThinkPHP/Common/functions.php 第 376 行.
SQL: SHOW COLUMNS FROM `cd_zhao_pin` [ RunTime:0.0352s ]
SQL: SELECT * FROM `cd_zhao_pin` WHERE `zp_id` = 1 LIMIT 1   [ RunTime:0.0327s ]
NOTIC: [2] call_user_func() expects parameter 1 to be a valid callback, no array or string given /Applications/MAMP/htdocs/zhaopin/zhaopin-php/ThinkPHP/Library/Think/Upload.class.php 第 182 行.
NOTIC: [2] call_user_func() expects parameter 1 to be a valid callback, no array or string given /Applications/MAMP/htdocs/zhaopin/zhaopin-php/ThinkPHP/Library/Think/Upload.class.php 第 182 行.
NOTIC: [2] call_user_func() expects parameter 1 to be a valid callback, no array or string given /Applications/MAMP/htdocs/zhaopin/zhaopin-php/ThinkPHP/Library/Think/Upload.class.php 第 182 行.

[ 2020-05-14T16:13:32+08:00 ] ::1 /home/job/cronTab
INFO: [ app_init ] --START--
INFO: Run Behavior\BuildLiteBehavior [ RunTime:0.000020s ]
INFO: [ app_init ] --END-- [ RunTime:0.000900s ]
INFO: [ app_begin ] --START--
INFO: Run Behavior\ReadHtmlCacheBehavior [ RunTime:0.010019s ]
INFO: [ app_begin ] --END-- [ RunTime:0.010119s ]
SQL: SHOW COLUMNS FROM `cd_task_job` [ RunTime:0.0315s ]
SQL: SELECT * FROM `cd_task_job` WHERE `status` = 0 LIMIT 1   [ RunTime:0.0347s ]
NOTIC: [2] Illegal string offset 'content' /Applications/MAMP/htdocs/zhaopin/zhaopin-php/Application/Home/Controller/JobController.class.php 第 387 行.

[ 2020-05-14T16:13:50+08:00 ] ::1 /home/job/cronTab
INFO: [ app_init ] --START--
INFO: Run Behavior\BuildLiteBehavior [ RunTime:0.000019s ]
INFO: [ app_init ] --END-- [ RunTime:0.000604s ]
INFO: [ app_begin ] --START--
INFO: Run Behavior\ReadHtmlCacheBehavior [ RunTime:0.000718s ]
INFO: [ app_begin ] --END-- [ RunTime:0.000779s ]
SQL: SHOW COLUMNS FROM `cd_task_job` [ RunTime:0.0297s ]
SQL: SELECT * FROM `cd_task_job` WHERE `status` = 0 LIMIT 1   [ RunTime:0.0298s ]

[ 2020-05-14T16:14:20+08:00 ] ::1 /home/job/cronTab
INFO: [ app_init ] --START--
INFO: Run Behavior\BuildLiteBehavior [ RunTime:0.000017s ]
INFO: [ app_init ] --END-- [ RunTime:0.007928s ]
INFO: [ app_begin ] --START--
INFO: Run Behavior\ReadHtmlCacheBehavior [ RunTime:0.007236s ]
INFO: [ app_begin ] --END-- [ RunTime:0.007324s ]
SQL: SHOW COLUMNS FROM `cd_task_job` [ RunTime:0.0419s ]
SQL: SELECT * FROM `cd_task_job` WHERE `status` = 0  [ RunTime:0.0322s ]
NOTIC: [8] Undefined index: /Applications/MAMP/htdocs/zhaopin/zhaopin-php/vendor/dompdf/dompdf/lib/fonts/simsun /Applications/MAMP/htdocs/zhaopin/zhaopin-php/vendor/dompdf/dompdf/src/Renderer/Text.php 第 105 行.
NOTIC: [8] Undefined index: /Applications/MAMP/htdocs/zhaopin/zhaopin-php/vendor/dompdf/dompdf/lib/fonts/simsun /Applications/MAMP/htdocs/zhaopin/zhaopin-php/vendor/dompdf/dompdf/src/Renderer/Text.php 第 105 行.
NOTIC: [8] Undefined index: /Applications/MAMP/htdocs/zhaopin/zhaopin-php/vendor/dompdf/dompdf/lib/fonts/simsun /Applications/MAMP/htdocs/zhaopin/zhaopin-php/vendor/dompdf/dompdf/src/Renderer/Text.php 第 105 行.
NOTIC: [8] Undefined index: /Applications/MAMP/htdocs/zhaopin/zhaopin-php/vendor/dompdf/dompdf/lib/fonts/simsun /Applications/MAMP/htdocs/zhaopin/zhaopin-php/vendor/dompdf/dompdf/src/Renderer/Text.php 第 105 行.
NOTIC: [8] Undefined index: /Applications/MAMP/htdocs/zhaopin/zhaopin-php/vendor/dompdf/dompdf/lib/fonts/simsun /Applications/MAMP/htdocs/zhaopin/zhaopin-php/vendor/dompdf/dompdf/src/Renderer/Text.php 第 105 行.
NOTIC: [8] Undefined index: /Applications/MAMP/htdocs/zhaopin/zhaopin-php/vendor/dompdf/dompdf/lib/fonts/simsun /Applications/MAMP/htdocs/zhaopin/zhaopin-php/vendor/dompdf/dompdf/src/Renderer/Text.php 第 105 行.
NOTIC: [8] Undefined index: /Applications/MAMP/htdocs/zhaopin/zhaopin-php/vendor/dompdf/dompdf/lib/fonts/simsun /Applications/MAMP/htdocs/zhaopin/zhaopin-php/vendor/dompdf/dompdf/src/Renderer/Text.php 第 105 行.
NOTIC: [8] Undefined index: /Applications/MAMP/htdocs/zhaopin/zhaopin-php/vendor/dompdf/dompdf/lib/fonts/simsun /Applications/MAMP/htdocs/zhaopin/zhaopin-php/vendor/dompdf/dompdf/src/Renderer/Text.php 第 105 行.
NOTIC: [8] Undefined index: /Applications/MAMP/htdocs/zhaopin/zhaopin-php/vendor/dompdf/dompdf/lib/fonts/simsun /Applications/MAMP/htdocs/zhaopin/zhaopin-php/vendor/dompdf/dompdf/src/Renderer/Text.php 第 105 行.
NOTIC: [8] Undefined index: /Applications/MAMP/htdocs/zhaopin/zhaopin-php/vendor/dompdf/dompdf/lib/fonts/simsun /Applications/MAMP/htdocs/zhaopin/zhaopin-php/vendor/dompdf/dompdf/src/Renderer/Text.php 第 105 行.
NOTIC: [8] Undefined index: /Applications/MAMP/htdocs/zhaopin/zhaopin-php/vendor/dompdf/dompdf/lib/fonts/simsun /Applications/MAMP/htdocs/zhaopin/zhaopin-php/vendor/dompdf/dompdf/src/Renderer/Text.php 第 105 行.
NOTIC: [8] Undefined index: /Applications/MAMP/htdocs/zhaopin/zhaopin-php/vendor/dompdf/dompdf/lib/fonts/simsun /Applications/MAMP/htdocs/zhaopin/zhaopin-php/vendor/dompdf/dompdf/src/Renderer/Text.php 第 105 行.
NOTIC: [8] Undefined index: /Applications/MAMP/htdocs/zhaopin/zhaopin-php/vendor/dompdf/dompdf/lib/fonts/simsun /Applications/MAMP/htdocs/zhaopin/zhaopin-php/vendor/dompdf/dompdf/src/Renderer/Text.php 第 105 行.
NOTIC: [8] Undefined index: /Applications/MAMP/htdocs/zhaopin/zhaopin-php/vendor/dompdf/dompdf/lib/fonts/simsun /Applications/MAMP/htdocs/zhaopin/zhaopin-php/vendor/dompdf/dompdf/src/Renderer/Text.php 第 105 行.
NOTIC: [8] Undefined index: /Applications/MAMP/htdocs/zhaopin/zhaopin-php/vendor/dompdf/dompdf/lib/fonts/simsun /Applications/MAMP/htdocs/zhaopin/zhaopin-php/vendor/dompdf/dompdf/src/Renderer/Text.php 第 105 行.
NOTIC: [8] Undefined index: /Applications/MAMP/htdocs/zhaopin/zhaopin-php/vendor/dompdf/dompdf/lib/fonts/simsun /Applications/MAMP/htdocs/zhaopin/zhaopin-php/vendor/dompdf/dompdf/src/Renderer/Text.php 第 105 行.
NOTIC: [8] Undefined index: /Applications/MAMP/htdocs/zhaopin/zhaopin-php/vendor/dompdf/dompdf/lib/fonts/simsun /Applications/MAMP/htdocs/zhaopin/zhaopin-php/vendor/dompdf/dompdf/src/Renderer/Text.php 第 105 行.
NOTIC: [8] Undefined index: /Applications/MAMP/htdocs/zhaopin/zhaopin-php/vendor/dompdf/dompdf/lib/fonts/simsun /Applications/MAMP/htdocs/zhaopin/zhaopin-php/vendor/dompdf/dompdf/src/Renderer/Text.php 第 105 行.
NOTIC: [8] Undefined index: /Applications/MAMP/htdocs/zhaopin/zhaopin-php/vendor/dompdf/dompdf/lib/fonts/simsun /Applications/MAMP/htdocs/zhaopin/zhaopin-php/vendor/dompdf/dompdf/src/Renderer/Text.php 第 105 行.
NOTIC: [8] Undefined index: /Applications/MAMP/htdocs/zhaopin/zhaopin-php/vendor/dompdf/dompdf/lib/fonts/simsun /Applications/MAMP/htdocs/zhaopin/zhaopin-php/vendor/dompdf/dompdf/src/Renderer/Text.php 第 105 行.
NOTIC: [8] Undefined index: /Applications/MAMP/htdocs/zhaopin/zhaopin-php/vendor/dompdf/dompdf/lib/fonts/simsun /Applications/MAMP/htdocs/zhaopin/zhaopin-php/vendor/dompdf/dompdf/src/Renderer/Text.php 第 105 行.
NOTIC: [8] Undefined index: /Applications/MAMP/htdocs/zhaopin/zhaopin-php/vendor/dompdf/dompdf/lib/fonts/simsun /Applications/MAMP/htdocs/zhaopin/zhaopin-php/vendor/dompdf/dompdf/src/Renderer/Text.php 第 105 行.
NOTIC: [8] Undefined index: /Applications/MAMP/htdocs/zhaopin/zhaopin-php/vendor/dompdf/dompdf/lib/fonts/simsun /Applications/MAMP/htdocs/zhaopin/zhaopin-php/vendor/dompdf/dompdf/src/Renderer/Text.php 第 105 行.
NOTIC: [8] Undefined index: /Applications/MAMP/htdocs/zhaopin/zhaopin-php/vendor/dompdf/dompdf/lib/fonts/simsun /Applications/MAMP/htdocs/zhaopin/zhaopin-php/vendor/dompdf/dompdf/src/Renderer/Text.php 第 105 行.
NOTIC: [8] Undefined index: /Applications/MAMP/htdocs/zhaopin/zhaopin-php/vendor/dompdf/dompdf/lib/fonts/simsun /Applications/MAMP/htdocs/zhaopin/zhaopin-php/vendor/dompdf/dompdf/src/Renderer/Text.php 第 105 行.
NOTIC: [8] Undefined index: /Applications/MAMP/htdocs/zhaopin/zhaopin-php/vendor/dompdf/dompdf/lib/fonts/simsun /Applications/MAMP/htdocs/zhaopin/zhaopin-php/vendor/dompdf/dompdf/src/Renderer/Text.php 第 105 行.
NOTIC: [8] Undefined index: /Applications/MAMP/htdocs/zhaopin/zhaopin-php/vendor/dompdf/dompdf/lib/fonts/simsun /Applications/MAMP/htdocs/zhaopin/zhaopin-php/vendor/dompdf/dompdf/src/Renderer/Text.php 第 105 行.
NOTIC: [8] Undefined index: /Applications/MAMP/htdocs/zhaopin/zhaopin-php/vendor/dompdf/dompdf/lib/fonts/simsun /Applications/MAMP/htdocs/zhaopin/zhaopin-php/vendor/dompdf/dompdf/src/Renderer/Text.php 第 105 行.
NOTIC: [8] Undefined index: /Applications/MAMP/htdocs/zhaopin/zhaopin-php/vendor/dompdf/dompdf/lib/fonts/simsun /Applications/MAMP/htdocs/zhaopin/zhaopin-php/vendor/dompdf/dompdf/src/Renderer/Text.php 第 105 行.
NOTIC: [8] Undefined index: /Applications/MAMP/htdocs/zhaopin/zhaopin-php/vendor/dompdf/dompdf/lib/fonts/simsun /Applications/MAMP/htdocs/zhaopin/zhaopin-php/vendor/dompdf/dompdf/src/Renderer/Text.php 第 105 行.
NOTIC: [8] Undefined index: /Applications/MAMP/htdocs/zhaopin/zhaopin-php/vendor/dompdf/dompdf/lib/fonts/simsun /Applications/MAMP/htdocs/zhaopin/zhaopin-php/vendor/dompdf/dompdf/src/Renderer/Text.php 第 105 行.
NOTIC: [8] Undefined index: /Applications/MAMP/htdocs/zhaopin/zhaopin-php/vendor/dompdf/dompdf/lib/fonts/simsun /Applications/MAMP/htdocs/zhaopin/zhaopin-php/vendor/dompdf/dompdf/src/Renderer/Text.php 第 105 行.
NOTIC: [8] Undefined index: /Applications/MAMP/htdocs/zhaopin/zhaopin-php/vendor/dompdf/dompdf/lib/fonts/simsun /Applications/MAMP/htdocs/zhaopin/zhaopin-php/vendor/dompdf/dompdf/src/Renderer/Text.php 第 105 行.
NOTIC: [8] Undefined index: /Applications/MAMP/htdocs/zhaopin/zhaopin-php/vendor/dompdf/dompdf/lib/fonts/simsun /Applications/MAMP/htdocs/zhaopin/zhaopin-php/vendor/dompdf/dompdf/src/Renderer/Text.php 第 105 行.
NOTIC: [8] Undefined index: /Applications/MAMP/htdocs/zhaopin/zhaopin-php/vendor/dompdf/dompdf/lib/fonts/simsun /Applications/MAMP/htdocs/zhaopin/zhaopin-php/vendor/dompdf/dompdf/src/Renderer/Text.php 第 105 行.
NOTIC: [8] Undefined index: /Applications/MAMP/htdocs/zhaopin/zhaopin-php/vendor/dompdf/dompdf/lib/fonts/simsun /Applications/MAMP/htdocs/zhaopin/zhaopin-php/vendor/dompdf/dompdf/src/Renderer/Text.php 第 105 行.
NOTIC: [8] Undefined index: /Applications/MAMP/htdocs/zhaopin/zhaopin-php/vendor/dompdf/dompdf/lib/fonts/simsun /Applications/MAMP/htdocs/zhaopin/zhaopin-php/vendor/dompdf/dompdf/src/Renderer/Text.php 第 105 行.
NOTIC: [8] Undefined index: /Applications/MAMP/htdocs/zhaopin/zhaopin-php/vendor/dompdf/dompdf/lib/fonts/simsun /Applications/MAMP/htdocs/zhaopin/zhaopin-php/vendor/dompdf/dompdf/src/Renderer/Text.php 第 105 行.
NOTIC: [8] Undefined index: /Applications/MAMP/htdocs/zhaopin/zhaopin-php/vendor/dompdf/dompdf/lib/fonts/simsun /Applications/MAMP/htdocs/zhaopin/zhaopin-php/vendor/dompdf/dompdf/src/Renderer/Text.php 第 105 行.
NOTIC: [8] Undefined index: /Applications/MAMP/htdocs/zhaopin/zhaopin-php/vendor/dompdf/dompdf/lib/fonts/simsun /Applications/MAMP/htdocs/zhaopin/zhaopin-php/vendor/dompdf/dompdf/src/Renderer/Text.php 第 105 行.
NOTIC: [8] Undefined index: /Applications/MAMP/htdocs/zhaopin/zhaopin-php/vendor/dompdf/dompdf/lib/fonts/simsun /Applications/MAMP/htdocs/zhaopin/zhaopin-php/vendor/dompdf/dompdf/src/Renderer/Text.php 第 105 行.
NOTIC: [8] Undefined index: /Applications/MAMP/htdocs/zhaopin/zhaopin-php/vendor/dompdf/dompdf/lib/fonts/simsun /Applications/MAMP/htdocs/zhaopin/zhaopin-php/vendor/dompdf/dompdf/src/Renderer/Text.php 第 105 行.
NOTIC: [8] Undefined index: /Applications/MAMP/htdocs/zhaopin/zhaopin-php/vendor/dompdf/dompdf/lib/fonts/simsun /Applications/MAMP/htdocs/zhaopin/zhaopin-php/vendor/dompdf/dompdf/src/Renderer/Text.php 第 105 行.
NOTIC: [8] Undefined index: /Applications/MAMP/htdocs/zhaopin/zhaopin-php/vendor/dompdf/dompdf/lib/fonts/simsun /Applications/MAMP/htdocs/zhaopin/zhaopin-php/vendor/dompdf/dompdf/src/Renderer/Text.php 第 105 行.
NOTIC: [8] Undefined index: /Applications/MAMP/htdocs/zhaopin/zhaopin-php/vendor/dompdf/dompdf/lib/fonts/simsun /Applications/MAMP/htdocs/zhaopin/zhaopin-php/vendor/dompdf/dompdf/src/Renderer/Text.php 第 105 行.
NOTIC: [8] Undefined index: /Applications/MAMP/htdocs/zhaopin/zhaopin-php/vendor/dompdf/dompdf/lib/fonts/simsun /Applications/MAMP/htdocs/zhaopin/zhaopin-php/vendor/dompdf/dompdf/src/Renderer/Text.php 第 105 行.
NOTIC: [8] Undefined index: /Applications/MAMP/htdocs/zhaopin/zhaopin-php/vendor/dompdf/dompdf/lib/fonts/simsun /Applications/MAMP/htdocs/zhaopin/zhaopin-php/vendor/dompdf/dompdf/src/Renderer/Text.php 第 105 行.
NOTIC: [8] Undefined index: /Applications/MAMP/htdocs/zhaopin/zhaopin-php/vendor/dompdf/dompdf/lib/fonts/simsun /Applications/MAMP/htdocs/zhaopin/zhaopin-php/vendor/dompdf/dompdf/src/Renderer/Text.php 第 105 行.
NOTIC: [8] Undefined index: /Applications/MAMP/htdocs/zhaopin/zhaopin-php/vendor/dompdf/dompdf/lib/fonts/simsun /Applications/MAMP/htdocs/zhaopin/zhaopin-php/vendor/dompdf/dompdf/src/Renderer/Text.php 第 105 行.
NOTIC: [8] Undefined index: /Applications/MAMP/htdocs/zhaopin/zhaopin-php/vendor/dompdf/dompdf/lib/fonts/simsun /Applications/MAMP/htdocs/zhaopin/zhaopin-php/vendor/dompdf/dompdf/src/Renderer/Text.php 第 105 行.
NOTIC: [8] Undefined index: /Applications/MAMP/htdocs/zhaopin/zhaopin-php/vendor/dompdf/dompdf/lib/fonts/simsun /Applications/MAMP/htdocs/zhaopin/zhaopin-php/vendor/dompdf/dompdf/src/Renderer/Text.php 第 105 行.
NOTIC: [8] Undefined index: /Applications/MAMP/htdocs/zhaopin/zhaopin-php/vendor/dompdf/dompdf/lib/fonts/simsun /Applications/MAMP/htdocs/zhaopin/zhaopin-php/vendor/dompdf/dompdf/src/Renderer/Text.php 第 105 行.
NOTIC: [8] Undefined index: /Applications/MAMP/htdocs/zhaopin/zhaopin-php/vendor/dompdf/dompdf/lib/fonts/simsun /Applications/MAMP/htdocs/zhaopin/zhaopin-php/vendor/dompdf/dompdf/src/Renderer/Text.php 第 105 行.
NOTIC: [8] Undefined index: /Applications/MAMP/htdocs/zhaopin/zhaopin-php/vendor/dompdf/dompdf/lib/fonts/simsun /Applications/MAMP/htdocs/zhaopin/zhaopin-php/vendor/dompdf/dompdf/src/Renderer/Text.php 第 105 行.
NOTIC: [8] Undefined index: /Applications/MAMP/htdocs/zhaopin/zhaopin-php/vendor/dompdf/dompdf/lib/fonts/simsun /Applications/MAMP/htdocs/zhaopin/zhaopin-php/vendor/dompdf/dompdf/src/Renderer/Text.php 第 105 行.
NOTIC: [8] Undefined index: /Applications/MAMP/htdocs/zhaopin/zhaopin-php/vendor/dompdf/dompdf/lib/fonts/simsun /Applications/MAMP/htdocs/zhaopin/zhaopin-php/vendor/dompdf/dompdf/src/Renderer/Text.php 第 105 行.
NOTIC: [8] Undefined index: /Applications/MAMP/htdocs/zhaopin/zhaopin-php/vendor/dompdf/dompdf/lib/fonts/simsun /Applications/MAMP/htdocs/zhaopin/zhaopin-php/vendor/dompdf/dompdf/src/Renderer/Text.php 第 105 行.
NOTIC: [8] Undefined index: /Applications/MAMP/htdocs/zhaopin/zhaopin-php/vendor/dompdf/dompdf/lib/fonts/simsun /Applications/MAMP/htdocs/zhaopin/zhaopin-php/vendor/dompdf/dompdf/src/Renderer/Text.php 第 105 行.
NOTIC: [8] Undefined index: /Applications/MAMP/htdocs/zhaopin/zhaopin-php/vendor/dompdf/dompdf/lib/fonts/simsun /Applications/MAMP/htdocs/zhaopin/zhaopin-php/vendor/dompdf/dompdf/src/Renderer/Text.php 第 105 行.
NOTIC: [8] Undefined index: /Applications/MAMP/htdocs/zhaopin/zhaopin-php/vendor/dompdf/dompdf/lib/fonts/simsun /Applications/MAMP/htdocs/zhaopin/zhaopin-php/vendor/dompdf/dompdf/src/Renderer/Text.php 第 105 行.
NOTIC: [8] Undefined index: /Applications/MAMP/htdocs/zhaopin/zhaopin-php/vendor/dompdf/dompdf/lib/fonts/simsun /Applications/MAMP/htdocs/zhaopin/zhaopin-php/vendor/dompdf/dompdf/src/Renderer/Text.php 第 105 行.
NOTIC: [8] Undefined index: /Applications/MAMP/htdocs/zhaopin/zhaopin-php/vendor/dompdf/dompdf/lib/fonts/simsun /Applications/MAMP/htdocs/zhaopin/zhaopin-php/vendor/dompdf/dompdf/src/Renderer/Text.php 第 105 行.
NOTIC: [8] Undefined index: /Applications/MAMP/htdocs/zhaopin/zhaopin-php/vendor/dompdf/dompdf/lib/fonts/simsun /Applications/MAMP/htdocs/zhaopin/zhaopin-php/vendor/dompdf/dompdf/src/Renderer/Text.php 第 105 行.
NOTIC: [8] Undefined index: /Applications/MAMP/htdocs/zhaopin/zhaopin-php/vendor/dompdf/dompdf/lib/fonts/simsun /Applications/MAMP/htdocs/zhaopin/zhaopin-php/vendor/dompdf/dompdf/src/Renderer/Text.php 第 105 行.
NOTIC: [8] Undefined index: /Applications/MAMP/htdocs/zhaopin/zhaopin-php/vendor/dompdf/dompdf/lib/fonts/simsun /Applications/MAMP/htdocs/zhaopin/zhaopin-php/vendor/dompdf/dompdf/src/Renderer/Text.php 第 105 行.
NOTIC: [8] Undefined index: /Applications/MAMP/htdocs/zhaopin/zhaopin-php/vendor/dompdf/dompdf/lib/fonts/simsun /Applications/MAMP/htdocs/zhaopin/zhaopin-php/vendor/dompdf/dompdf/src/Renderer/Text.php 第 105 行.
NOTIC: [8] Undefined index: /Applications/MAMP/htdocs/zhaopin/zhaopin-php/vendor/dompdf/dompdf/lib/fonts/simsun /Applications/MAMP/htdocs/zhaopin/zhaopin-php/vendor/dompdf/dompdf/src/Renderer/Text.php 第 105 行.
NOTIC: [8] Undefined index: /Applications/MAMP/htdocs/zhaopin/zhaopin-php/vendor/dompdf/dompdf/lib/fonts/simsun /Applications/MAMP/htdocs/zhaopin/zhaopin-php/vendor/dompdf/dompdf/src/Renderer/Text.php 第 105 行.
NOTIC: [8] Undefined index: /Applications/MAMP/htdocs/zhaopin/zhaopin-php/vendor/dompdf/dompdf/lib/fonts/simsun /Applications/MAMP/htdocs/zhaopin/zhaopin-php/vendor/dompdf/dompdf/src/Renderer/Text.php 第 105 行.
NOTIC: [8] Undefined index: /Applications/MAMP/htdocs/zhaopin/zhaopin-php/vendor/dompdf/dompdf/lib/fonts/simsun /Applications/MAMP/htdocs/zhaopin/zhaopin-php/vendor/dompdf/dompdf/src/Renderer/Text.php 第 105 行.
NOTIC: [8] Undefined index: /Applications/MAMP/htdocs/zhaopin/zhaopin-php/vendor/dompdf/dompdf/lib/fonts/simsun /Applications/MAMP/htdocs/zhaopin/zhaopin-php/vendor/dompdf/dompdf/src/Renderer/Text.php 第 105 行.
NOTIC: [8] Undefined index: /Applications/MAMP/htdocs/zhaopin/zhaopin-php/vendor/dompdf/dompdf/lib/fonts/simsun /Applications/MAMP/htdocs/zhaopin/zhaopin-php/vendor/dompdf/dompdf/src/Renderer/Text.php 第 105 行.
NOTIC: [8] Undefined index: /Applications/MAMP/htdocs/zhaopin/zhaopin-php/vendor/dompdf/dompdf/lib/fonts/simsun /Applications/MAMP/htdocs/zhaopin/zhaopin-php/vendor/dompdf/dompdf/src/Renderer/Text.php 第 105 行.
NOTIC: [8] Undefined index: /Applications/MAMP/htdocs/zhaopin/zhaopin-php/vendor/dompdf/dompdf/lib/fonts/simsun /Applications/MAMP/htdocs/zhaopin/zhaopin-php/vendor/dompdf/dompdf/src/Renderer/Text.php 第 105 行.
NOTIC: [8] Undefined index: /Applications/MAMP/htdocs/zhaopin/zhaopin-php/vendor/dompdf/dompdf/lib/fonts/simsun /Applications/MAMP/htdocs/zhaopin/zhaopin-php/vendor/dompdf/dompdf/src/Renderer/Text.php 第 105 行.
NOTIC: [8] Undefined index: /Applications/MAMP/htdocs/zhaopin/zhaopin-php/vendor/dompdf/dompdf/lib/fonts/simsun /Applications/MAMP/htdocs/zhaopin/zhaopin-php/vendor/dompdf/dompdf/src/Renderer/Text.php 第 105 行.
NOTIC: [8] Undefined index: /Applications/MAMP/htdocs/zhaopin/zhaopin-php/vendor/dompdf/dompdf/lib/fonts/simsun /Applications/MAMP/htdocs/zhaopin/zhaopin-php/vendor/dompdf/dompdf/src/Renderer/Text.php 第 105 行.
NOTIC: [8] Undefined index: /Applications/MAMP/htdocs/zhaopin/zhaopin-php/vendor/dompdf/dompdf/lib/fonts/simsun /Applications/MAMP/htdocs/zhaopin/zhaopin-php/vendor/dompdf/dompdf/src/Renderer/Text.php 第 105 行.
NOTIC: [8] Undefined index: /Applications/MAMP/htdocs/zhaopin/zhaopin-php/vendor/dompdf/dompdf/lib/fonts/simsun /Applications/MAMP/htdocs/zhaopin/zhaopin-php/vendor/dompdf/dompdf/src/Renderer/Text.php 第 105 行.
NOTIC: [8] Undefined index: /Applications/MAMP/htdocs/zhaopin/zhaopin-php/vendor/dompdf/dompdf/lib/fonts/simsun /Applications/MAMP/htdocs/zhaopin/zhaopin-php/vendor/dompdf/dompdf/src/Renderer/Text.php 第 105 行.
NOTIC: [8] Undefined index: /Applications/MAMP/htdocs/zhaopin/zhaopin-php/vendor/dompdf/dompdf/lib/fonts/simsun /Applications/MAMP/htdocs/zhaopin/zhaopin-php/vendor/dompdf/dompdf/src/Renderer/Text.php 第 105 行.
NOTIC: [8] Undefined index: /Applications/MAMP/htdocs/zhaopin/zhaopin-php/vendor/dompdf/dompdf/lib/fonts/simsun /Applications/MAMP/htdocs/zhaopin/zhaopin-php/vendor/dompdf/dompdf/src/Renderer/Text.php 第 105 行.
NOTIC: [8] Undefined index: /Applications/MAMP/htdocs/zhaopin/zhaopin-php/vendor/dompdf/dompdf/lib/fonts/simsun /Applications/MAMP/htdocs/zhaopin/zhaopin-php/vendor/dompdf/dompdf/src/Renderer/Text.php 第 105 行.
NOTIC: [8] Undefined index: /Applications/MAMP/htdocs/zhaopin/zhaopin-php/vendor/dompdf/dompdf/lib/fonts/simsun /Applications/MAMP/htdocs/zhaopin/zhaopin-php/vendor/dompdf/dompdf/src/Renderer/Text.php 第 105 行.
NOTIC: [8] Undefined index: /Applications/MAMP/htdocs/zhaopin/zhaopin-php/vendor/dompdf/dompdf/lib/fonts/simsun /Applications/MAMP/htdocs/zhaopin/zhaopin-php/vendor/dompdf/dompdf/src/Renderer/Text.php 第 105 行.
NOTIC: [8] Undefined index: /Applications/MAMP/htdocs/zhaopin/zhaopin-php/vendor/dompdf/dompdf/lib/fonts/simsun /Applications/MAMP/htdocs/zhaopin/zhaopin-php/vendor/dompdf/dompdf/src/Renderer/Text.php 第 105 行.
NOTIC: [8] Undefined index: /Applications/MAMP/htdocs/zhaopin/zhaopin-php/vendor/dompdf/dompdf/lib/fonts/simsun /Applications/MAMP/htdocs/zhaopin/zhaopin-php/vendor/dompdf/dompdf/src/Renderer/Text.php 第 105 行.
SQL: UPDATE `cd_task_job` SET `status`='1' WHERE `id` = 1 [ RunTime:0.0371s ]
INFO: [ app_end ] --START--
INFO: Run Behavior\ShowPageTraceBehavior [ RunTime:0.001389s ]
INFO: [ app_end ] --END-- [ RunTime:0.001471s ]

